#
# There is insufficient memory for the Java Runtime Environment to continue.
# Native memory allocation (malloc) failed to allocate 890416 bytes. Error detail: Chunk::new
# Possible reasons:
#   The system is out of physical RAM or swap space
#   This process is running with CompressedOops enabled, and the Java Heap may be blocking the growth of the native heap
# Possible solutions:
#   Reduce memory load on the system
#   Increase physical memory or swap space
#   Check if swap backing store is full
#   Decrease Java heap size (-Xmx/-Xms)
#   Decrease number of Java threads
#   Decrease Java thread stack sizes (-Xss)
#   Set larger code cache with -XX:ReservedCodeCacheSize=
#   JVM is running with Zero Based Compressed Oops mode in which the Java heap is
#     placed in the first 32GB address space. The Java Heap base address is the
#     maximum limit for the native heap growth. Please use -XX:HeapBaseMinAddress
#     to set the Java Heap base and to place the Java Heap above 32GB virtual address.
# This output file may be truncated or incomplete.
#
#  Out of Memory Error (arena.cpp:168), pid=8428, tid=6364
#
# JRE version: OpenJDK Runtime Environment (21.0.5) (build 21.0.5+-13047016-b750.29)
# Java VM: OpenJDK 64-Bit Server VM (21.0.5+-13047016-b750.29, mixed mode, tiered, compressed oops, compressed class ptrs, g1 gc, windows-amd64)
# No core dump will be written. Minidumps are not enabled by default on client versions of Windows
#

---------------  S U M M A R Y ------------

Command Line: git4idea.http.GitAskPassApp Password for 'https://ThomasShikalepo@github.com': 

Host: Intel(R) Core(TM) i5-6300U CPU @ 2.40GHz, 4 cores, 11G,  Windows 10 , 64 bit Build 19041 (10.0.19041.5678)
Time: Sat May 10 05:01:56 2025 Namibia Standard Time elapsed time: 1.101917 seconds (0d 0h 0m 1s)

---------------  T H R E A D  ---------------

Current thread (0x0000026dff1bac50):  JavaThread "C2 CompilerThread0" daemon [_thread_in_native, id=6364, stack(0x000000b8c3a00000,0x000000b8c3b00000) (1024K)]


Current CompileTask:
C2:1102 1118       4       sun.security.ec.ECOperations::setDouble (463 bytes)

Stack: [0x000000b8c3a00000,0x000000b8c3b00000]
Native frames: (J=compiled Java code, j=interpreted, Vv=VM code, C=native code)
V  [jvm.dll+0x6cfb29]
V  [jvm.dll+0x85df93]
V  [jvm.dll+0x8604ee]
V  [jvm.dll+0x860bd3]
V  [jvm.dll+0x27e6b6]
V  [jvm.dll+0xbff6d]
V  [jvm.dll+0xc04a3]
V  [jvm.dll+0x2f2750]
V  [jvm.dll+0x5fa0c9]
V  [jvm.dll+0x250d62]
V  [jvm.dll+0x25111f]
V  [jvm.dll+0x2498d5]
V  [jvm.dll+0x24712e]
V  [jvm.dll+0x1c5ee4]
V  [jvm.dll+0x25697c]
V  [jvm.dll+0x254ec6]
V  [jvm.dll+0x3f0ce6]
V  [jvm.dll+0x806368]
V  [jvm.dll+0x6ce3fd]
C  [ucrtbase.dll+0x21bb2]
C  [KERNEL32.DLL+0x17374]
C  [ntdll.dll+0x4cc91]


---------------  P R O C E S S  ---------------

Threads class SMR info:
_java_thread_list=0x0000026dff5c8b80, length=14, elements={
0x0000026de8d73420, 0x0000026dff193770, 0x0000026dff196490, 0x0000026dff199f50,
0x0000026dff197ef0, 0x0000026dff198d50, 0x0000026dff1aaa60, 0x0000026dff1bac50,
0x0000026dff1bd6f0, 0x0000026dff361ea0, 0x0000026dff369150, 0x0000026dff7de2e0,
0x0000026dff8a6f80, 0x0000026dff8c46a0
}

Java Threads: ( => current thread )
  0x0000026de8d73420 JavaThread "main"                              [_thread_blocked, id=7840, stack(0x000000b8c2c00000,0x000000b8c2d00000) (1024K)]
  0x0000026dff193770 JavaThread "Reference Handler"          daemon [_thread_blocked, id=16804, stack(0x000000b8c3400000,0x000000b8c3500000) (1024K)]
  0x0000026dff196490 JavaThread "Finalizer"                  daemon [_thread_blocked, id=16784, stack(0x000000b8c3500000,0x000000b8c3600000) (1024K)]
  0x0000026dff199f50 JavaThread "Signal Dispatcher"          daemon [_thread_blocked, id=8552, stack(0x000000b8c3600000,0x000000b8c3700000) (1024K)]
  0x0000026dff197ef0 JavaThread "Attach Listener"            daemon [_thread_blocked, id=11480, stack(0x000000b8c3700000,0x000000b8c3800000) (1024K)]
  0x0000026dff198d50 JavaThread "Service Thread"             daemon [_thread_blocked, id=12228, stack(0x000000b8c3800000,0x000000b8c3900000) (1024K)]
  0x0000026dff1aaa60 JavaThread "Monitor Deflation Thread"   daemon [_thread_blocked, id=9776, stack(0x000000b8c3900000,0x000000b8c3a00000) (1024K)]
=>0x0000026dff1bac50 JavaThread "C2 CompilerThread0"         daemon [_thread_in_native, id=6364, stack(0x000000b8c3a00000,0x000000b8c3b00000) (1024K)]
  0x0000026dff1bd6f0 JavaThread "C1 CompilerThread0"         daemon [_thread_blocked, id=17248, stack(0x000000b8c3b00000,0x000000b8c3c00000) (1024K)]
  0x0000026dff361ea0 JavaThread "Notification Thread"        daemon [_thread_blocked, id=4968, stack(0x000000b8c3c00000,0x000000b8c3d00000) (1024K)]
  0x0000026dff369150 JavaThread "Common-Cleaner"             daemon [_thread_blocked, id=15396, stack(0x000000b8c3d00000,0x000000b8c3e00000) (1024K)]
  0x0000026dff7de2e0 JavaThread "HttpClient-1-SelectorManager" daemon [_thread_in_native, id=15316, stack(0x000000b8c3e00000,0x000000b8c3f00000) (1024K)]
  0x0000026dff8a6f80 JavaThread "HttpClient-1-Worker-0"      daemon [_thread_blocked, id=9476, stack(0x000000b8c4000000,0x000000b8c4100000) (1024K)]
  0x0000026dff8c46a0 JavaThread "HttpClient-1-Worker-1"      daemon [_thread_blocked, id=2664, stack(0x000000b8c4100000,0x000000b8c4200000) (1024K)]
Total: 14

Other Threads:
  0x0000026de6bad6a0 VMThread "VM Thread"                           [id=3976, stack(0x000000b8c3300000,0x000000b8c3400000) (1024K)]
  0x0000026dfee84970 WatcherThread "VM Periodic Task Thread"        [id=10264, stack(0x000000b8c3200000,0x000000b8c3300000) (1024K)]
  0x0000026de6bac480 WorkerThread "GC Thread#0"                     [id=14844, stack(0x000000b8c2d00000,0x000000b8c2e00000) (1024K)]
  0x0000026de6bac0e0 WorkerThread "GC Thread#1"                     [id=3800, stack(0x000000b8c4200000,0x000000b8c4300000) (1024K)]
  0x0000026de6bacbc0 WorkerThread "GC Thread#2"                     [id=1400, stack(0x000000b8c4300000,0x000000b8c4400000) (1024K)]
  0x0000026de6bac820 WorkerThread "GC Thread#3"                     [id=16144, stack(0x000000b8c4400000,0x000000b8c4500000) (1024K)]
  0x0000026de8dceb90 ConcurrentGCThread "G1 Main Marker"            [id=14104, stack(0x000000b8c2e00000,0x000000b8c2f00000) (1024K)]
  0x0000026de6babd40 WorkerThread "G1 Conc#0"                       [id=2244, stack(0x000000b8c2f00000,0x000000b8c3000000) (1024K)]
  0x0000026de8e36bd0 ConcurrentGCThread "G1 Refine#0"               [id=14632, stack(0x000000b8c3000000,0x000000b8c3100000) (1024K)]
  0x0000026de8e37650 ConcurrentGCThread "G1 Service"                [id=212, stack(0x000000b8c3100000,0x000000b8c3200000) (1024K)]
Total: 10

Threads with active compile tasks:
C2 CompilerThread0  1551 1118       4       sun.security.ec.ECOperations::setDouble (463 bytes)
Total: 1

VM state: not at safepoint (normal execution)

VM Mutex/Monitor currently owned by a thread: None

Heap address: 0x0000000742600000, size: 3034 MB, Compressed Oops mode: Zero based, Oop shift amount: 3

CDS archive(s) not mapped
Compressed class space mapped at: 0x0000000800000000-0x0000000840000000, reserved size: 1073741824
Narrow klass base: 0x0000000800000000, Narrow klass shift: 0, Narrow klass range: 0x40000000

GC Precious Log:
 CardTable entry size: 512
 Card Set container configuration: InlinePtr #cards 4 size 8 Array Of Cards #cards 16 size 48 Howl #buckets 8 coarsen threshold 3686 Howl Bitmap #cards 512 size 80 coarsen threshold 460 Card regions per heap region 1 cards per card region 4096
 CPUs: 4 total, 4 available
 Memory: 12131M
 Large Page Support: Disabled
 NUMA Support: Disabled
 Compressed Oops: Enabled (Zero based)
 Heap Region Size: 2M
 Heap Min Capacity: 8M
 Heap Initial Capacity: 190M
 Heap Max Capacity: 3034M
 Pre-touch: Disabled
 Parallel Workers: 4
 Concurrent Workers: 1
 Concurrent Refinement Workers: 4
 Periodic GC: Disabled

Heap:
 garbage-first heap   total 194560K, used 4351K [0x0000000742600000, 0x0000000800000000)
  region size 2048K, 3 young (6144K), 1 survivors (2048K)
 Metaspace       used 17240K, committed 17472K, reserved 1114112K
  class space    used 1837K, committed 1920K, reserved 1048576K

Heap Regions: E=young(eden), S=young(survivor), O=old, HS=humongous(starts), HC=humongous(continues), CS=collection set, F=free, TAMS=top-at-mark-start, PB=parsable bottom
|   0|0x0000000742600000, 0x000000074263ffd8, 0x0000000742800000| 12%| O|  |TAMS 0x0000000742600000| PB 0x0000000742600000| Untracked 
|   1|0x0000000742800000, 0x0000000742800000, 0x0000000742a00000|  0%| F|  |TAMS 0x0000000742800000| PB 0x0000000742800000| Untracked 
|   2|0x0000000742a00000, 0x0000000742a00000, 0x0000000742c00000|  0%| F|  |TAMS 0x0000000742a00000| PB 0x0000000742a00000| Untracked 
|   3|0x0000000742c00000, 0x0000000742c00000, 0x0000000742e00000|  0%| F|  |TAMS 0x0000000742c00000| PB 0x0000000742c00000| Untracked 
|   4|0x0000000742e00000, 0x0000000742e00000, 0x0000000743000000|  0%| F|  |TAMS 0x0000000742e00000| PB 0x0000000742e00000| Untracked 
|   5|0x0000000743000000, 0x0000000743000000, 0x0000000743200000|  0%| F|  |TAMS 0x0000000743000000| PB 0x0000000743000000| Untracked 
|   6|0x0000000743200000, 0x0000000743200000, 0x0000000743400000|  0%| F|  |TAMS 0x0000000743200000| PB 0x0000000743200000| Untracked 
|   7|0x0000000743400000, 0x0000000743400000, 0x0000000743600000|  0%| F|  |TAMS 0x0000000743400000| PB 0x0000000743400000| Untracked 
|   8|0x0000000743600000, 0x0000000743600000, 0x0000000743800000|  0%| F|  |TAMS 0x0000000743600000| PB 0x0000000743600000| Untracked 
|   9|0x0000000743800000, 0x0000000743800000, 0x0000000743a00000|  0%| F|  |TAMS 0x0000000743800000| PB 0x0000000743800000| Untracked 
|  10|0x0000000743a00000, 0x0000000743a00000, 0x0000000743c00000|  0%| F|  |TAMS 0x0000000743a00000| PB 0x0000000743a00000| Untracked 
|  11|0x0000000743c00000, 0x0000000743c00000, 0x0000000743e00000|  0%| F|  |TAMS 0x0000000743c00000| PB 0x0000000743c00000| Untracked 
|  12|0x0000000743e00000, 0x0000000743e00000, 0x0000000744000000|  0%| F|  |TAMS 0x0000000743e00000| PB 0x0000000743e00000| Untracked 
|  13|0x0000000744000000, 0x0000000744000000, 0x0000000744200000|  0%| F|  |TAMS 0x0000000744000000| PB 0x0000000744000000| Untracked 
|  14|0x0000000744200000, 0x0000000744200000, 0x0000000744400000|  0%| F|  |TAMS 0x0000000744200000| PB 0x0000000744200000| Untracked 
|  15|0x0000000744400000, 0x0000000744400000, 0x0000000744600000|  0%| F|  |TAMS 0x0000000744400000| PB 0x0000000744400000| Untracked 
|  16|0x0000000744600000, 0x0000000744600000, 0x0000000744800000|  0%| F|  |TAMS 0x0000000744600000| PB 0x0000000744600000| Untracked 
|  17|0x0000000744800000, 0x0000000744800000, 0x0000000744a00000|  0%| F|  |TAMS 0x0000000744800000| PB 0x0000000744800000| Untracked 
|  18|0x0000000744a00000, 0x0000000744a00000, 0x0000000744c00000|  0%| F|  |TAMS 0x0000000744a00000| PB 0x0000000744a00000| Untracked 
|  19|0x0000000744c00000, 0x0000000744c00000, 0x0000000744e00000|  0%| F|  |TAMS 0x0000000744c00000| PB 0x0000000744c00000| Untracked 
|  20|0x0000000744e00000, 0x0000000744e00000, 0x0000000745000000|  0%| F|  |TAMS 0x0000000744e00000| PB 0x0000000744e00000| Untracked 
|  21|0x0000000745000000, 0x0000000745000000, 0x0000000745200000|  0%| F|  |TAMS 0x0000000745000000| PB 0x0000000745000000| Untracked 
|  22|0x0000000745200000, 0x0000000745200000, 0x0000000745400000|  0%| F|  |TAMS 0x0000000745200000| PB 0x0000000745200000| Untracked 
|  23|0x0000000745400000, 0x0000000745400000, 0x0000000745600000|  0%| F|  |TAMS 0x0000000745400000| PB 0x0000000745400000| Untracked 
|  24|0x0000000745600000, 0x0000000745600000, 0x0000000745800000|  0%| F|  |TAMS 0x0000000745600000| PB 0x0000000745600000| Untracked 
|  25|0x0000000745800000, 0x0000000745800000, 0x0000000745a00000|  0%| F|  |TAMS 0x0000000745800000| PB 0x0000000745800000| Untracked 
|  26|0x0000000745a00000, 0x0000000745a00000, 0x0000000745c00000|  0%| F|  |TAMS 0x0000000745a00000| PB 0x0000000745a00000| Untracked 
|  27|0x0000000745c00000, 0x0000000745c00000, 0x0000000745e00000|  0%| F|  |TAMS 0x0000000745c00000| PB 0x0000000745c00000| Untracked 
|  28|0x0000000745e00000, 0x0000000745e00000, 0x0000000746000000|  0%| F|  |TAMS 0x0000000745e00000| PB 0x0000000745e00000| Untracked 
|  29|0x0000000746000000, 0x0000000746000000, 0x0000000746200000|  0%| F|  |TAMS 0x0000000746000000| PB 0x0000000746000000| Untracked 
|  30|0x0000000746200000, 0x0000000746200000, 0x0000000746400000|  0%| F|  |TAMS 0x0000000746200000| PB 0x0000000746200000| Untracked 
|  31|0x0000000746400000, 0x0000000746400000, 0x0000000746600000|  0%| F|  |TAMS 0x0000000746400000| PB 0x0000000746400000| Untracked 
|  32|0x0000000746600000, 0x0000000746600000, 0x0000000746800000|  0%| F|  |TAMS 0x0000000746600000| PB 0x0000000746600000| Untracked 
|  33|0x0000000746800000, 0x0000000746800000, 0x0000000746a00000|  0%| F|  |TAMS 0x0000000746800000| PB 0x0000000746800000| Untracked 
|  34|0x0000000746a00000, 0x0000000746a00000, 0x0000000746c00000|  0%| F|  |TAMS 0x0000000746a00000| PB 0x0000000746a00000| Untracked 
|  35|0x0000000746c00000, 0x0000000746c00000, 0x0000000746e00000|  0%| F|  |TAMS 0x0000000746c00000| PB 0x0000000746c00000| Untracked 
|  36|0x0000000746e00000, 0x0000000746e00000, 0x0000000747000000|  0%| F|  |TAMS 0x0000000746e00000| PB 0x0000000746e00000| Untracked 
|  37|0x0000000747000000, 0x0000000747000000, 0x0000000747200000|  0%| F|  |TAMS 0x0000000747000000| PB 0x0000000747000000| Untracked 
|  38|0x0000000747200000, 0x0000000747200000, 0x0000000747400000|  0%| F|  |TAMS 0x0000000747200000| PB 0x0000000747200000| Untracked 
|  39|0x0000000747400000, 0x0000000747400000, 0x0000000747600000|  0%| F|  |TAMS 0x0000000747400000| PB 0x0000000747400000| Untracked 
|  40|0x0000000747600000, 0x0000000747600000, 0x0000000747800000|  0%| F|  |TAMS 0x0000000747600000| PB 0x0000000747600000| Untracked 
|  41|0x0000000747800000, 0x0000000747800000, 0x0000000747a00000|  0%| F|  |TAMS 0x0000000747800000| PB 0x0000000747800000| Untracked 
|  42|0x0000000747a00000, 0x0000000747a00000, 0x0000000747c00000|  0%| F|  |TAMS 0x0000000747a00000| PB 0x0000000747a00000| Untracked 
|  43|0x0000000747c00000, 0x0000000747c00000, 0x0000000747e00000|  0%| F|  |TAMS 0x0000000747c00000| PB 0x0000000747c00000| Untracked 
|  44|0x0000000747e00000, 0x0000000747e00000, 0x0000000748000000|  0%| F|  |TAMS 0x0000000747e00000| PB 0x0000000747e00000| Untracked 
|  45|0x0000000748000000, 0x0000000748000000, 0x0000000748200000|  0%| F|  |TAMS 0x0000000748000000| PB 0x0000000748000000| Untracked 
|  46|0x0000000748200000, 0x0000000748200000, 0x0000000748400000|  0%| F|  |TAMS 0x0000000748200000| PB 0x0000000748200000| Untracked 
|  47|0x0000000748400000, 0x0000000748400000, 0x0000000748600000|  0%| F|  |TAMS 0x0000000748400000| PB 0x0000000748400000| Untracked 
|  48|0x0000000748600000, 0x0000000748600000, 0x0000000748800000|  0%| F|  |TAMS 0x0000000748600000| PB 0x0000000748600000| Untracked 
|  49|0x0000000748800000, 0x0000000748800000, 0x0000000748a00000|  0%| F|  |TAMS 0x0000000748800000| PB 0x0000000748800000| Untracked 
|  50|0x0000000748a00000, 0x0000000748a00000, 0x0000000748c00000|  0%| F|  |TAMS 0x0000000748a00000| PB 0x0000000748a00000| Untracked 
|  51|0x0000000748c00000, 0x0000000748c00000, 0x0000000748e00000|  0%| F|  |TAMS 0x0000000748c00000| PB 0x0000000748c00000| Untracked 
|  52|0x0000000748e00000, 0x0000000748e00000, 0x0000000749000000|  0%| F|  |TAMS 0x0000000748e00000| PB 0x0000000748e00000| Untracked 
|  53|0x0000000749000000, 0x0000000749000000, 0x0000000749200000|  0%| F|  |TAMS 0x0000000749000000| PB 0x0000000749000000| Untracked 
|  54|0x0000000749200000, 0x0000000749200000, 0x0000000749400000|  0%| F|  |TAMS 0x0000000749200000| PB 0x0000000749200000| Untracked 
|  55|0x0000000749400000, 0x0000000749400000, 0x0000000749600000|  0%| F|  |TAMS 0x0000000749400000| PB 0x0000000749400000| Untracked 
|  56|0x0000000749600000, 0x0000000749600000, 0x0000000749800000|  0%| F|  |TAMS 0x0000000749600000| PB 0x0000000749600000| Untracked 
|  57|0x0000000749800000, 0x0000000749800000, 0x0000000749a00000|  0%| F|  |TAMS 0x0000000749800000| PB 0x0000000749800000| Untracked 
|  58|0x0000000749a00000, 0x0000000749a00000, 0x0000000749c00000|  0%| F|  |TAMS 0x0000000749a00000| PB 0x0000000749a00000| Untracked 
|  59|0x0000000749c00000, 0x0000000749c00000, 0x0000000749e00000|  0%| F|  |TAMS 0x0000000749c00000| PB 0x0000000749c00000| Untracked 
|  60|0x0000000749e00000, 0x0000000749e00000, 0x000000074a000000|  0%| F|  |TAMS 0x0000000749e00000| PB 0x0000000749e00000| Untracked 
|  61|0x000000074a000000, 0x000000074a000000, 0x000000074a200000|  0%| F|  |TAMS 0x000000074a000000| PB 0x000000074a000000| Untracked 
|  62|0x000000074a200000, 0x000000074a200000, 0x000000074a400000|  0%| F|  |TAMS 0x000000074a200000| PB 0x000000074a200000| Untracked 
|  63|0x000000074a400000, 0x000000074a400000, 0x000000074a600000|  0%| F|  |TAMS 0x000000074a400000| PB 0x000000074a400000| Untracked 
|  64|0x000000074a600000, 0x000000074a600000, 0x000000074a800000|  0%| F|  |TAMS 0x000000074a600000| PB 0x000000074a600000| Untracked 
|  65|0x000000074a800000, 0x000000074a800000, 0x000000074aa00000|  0%| F|  |TAMS 0x000000074a800000| PB 0x000000074a800000| Untracked 
|  66|0x000000074aa00000, 0x000000074aa00000, 0x000000074ac00000|  0%| F|  |TAMS 0x000000074aa00000| PB 0x000000074aa00000| Untracked 
|  67|0x000000074ac00000, 0x000000074ac00000, 0x000000074ae00000|  0%| F|  |TAMS 0x000000074ac00000| PB 0x000000074ac00000| Untracked 
|  68|0x000000074ae00000, 0x000000074ae00000, 0x000000074b000000|  0%| F|  |TAMS 0x000000074ae00000| PB 0x000000074ae00000| Untracked 
|  69|0x000000074b000000, 0x000000074b000000, 0x000000074b200000|  0%| F|  |TAMS 0x000000074b000000| PB 0x000000074b000000| Untracked 
|  70|0x000000074b200000, 0x000000074b200000, 0x000000074b400000|  0%| F|  |TAMS 0x000000074b200000| PB 0x000000074b200000| Untracked 
|  71|0x000000074b400000, 0x000000074b400000, 0x000000074b600000|  0%| F|  |TAMS 0x000000074b400000| PB 0x000000074b400000| Untracked 
|  72|0x000000074b600000, 0x000000074b600000, 0x000000074b800000|  0%| F|  |TAMS 0x000000074b600000| PB 0x000000074b600000| Untracked 
|  73|0x000000074b800000, 0x000000074b800000, 0x000000074ba00000|  0%| F|  |TAMS 0x000000074b800000| PB 0x000000074b800000| Untracked 
|  74|0x000000074ba00000, 0x000000074ba00000, 0x000000074bc00000|  0%| F|  |TAMS 0x000000074ba00000| PB 0x000000074ba00000| Untracked 
|  75|0x000000074bc00000, 0x000000074bc00000, 0x000000074be00000|  0%| F|  |TAMS 0x000000074bc00000| PB 0x000000074bc00000| Untracked 
|  76|0x000000074be00000, 0x000000074be00000, 0x000000074c000000|  0%| F|  |TAMS 0x000000074be00000| PB 0x000000074be00000| Untracked 
|  77|0x000000074c000000, 0x000000074c000000, 0x000000074c200000|  0%| F|  |TAMS 0x000000074c000000| PB 0x000000074c000000| Untracked 
|  78|0x000000074c200000, 0x000000074c200000, 0x000000074c400000|  0%| F|  |TAMS 0x000000074c200000| PB 0x000000074c200000| Untracked 
|  79|0x000000074c400000, 0x000000074c400000, 0x000000074c600000|  0%| F|  |TAMS 0x000000074c400000| PB 0x000000074c400000| Untracked 
|  80|0x000000074c600000, 0x000000074c600000, 0x000000074c800000|  0%| F|  |TAMS 0x000000074c600000| PB 0x000000074c600000| Untracked 
|  81|0x000000074c800000, 0x000000074c800000, 0x000000074ca00000|  0%| F|  |TAMS 0x000000074c800000| PB 0x000000074c800000| Untracked 
|  82|0x000000074ca00000, 0x000000074ca00000, 0x000000074cc00000|  0%| F|  |TAMS 0x000000074ca00000| PB 0x000000074ca00000| Untracked 
|  83|0x000000074cc00000, 0x000000074cc00000, 0x000000074ce00000|  0%| F|  |TAMS 0x000000074cc00000| PB 0x000000074cc00000| Untracked 
|  84|0x000000074ce00000, 0x000000074ce00000, 0x000000074d000000|  0%| F|  |TAMS 0x000000074ce00000| PB 0x000000074ce00000| Untracked 
|  85|0x000000074d000000, 0x000000074d000000, 0x000000074d200000|  0%| F|  |TAMS 0x000000074d000000| PB 0x000000074d000000| Untracked 
|  86|0x000000074d200000, 0x000000074d200000, 0x000000074d400000|  0%| F|  |TAMS 0x000000074d200000| PB 0x000000074d200000| Untracked 
|  87|0x000000074d400000, 0x000000074d400000, 0x000000074d600000|  0%| F|  |TAMS 0x000000074d400000| PB 0x000000074d400000| Untracked 
|  88|0x000000074d600000, 0x000000074d800000, 0x000000074d800000|100%| S|CS|TAMS 0x000000074d600000| PB 0x000000074d600000| Complete 
|  89|0x000000074d800000, 0x000000074d800000, 0x000000074da00000|  0%| F|  |TAMS 0x000000074d800000| PB 0x000000074d800000| Untracked 
|  90|0x000000074da00000, 0x000000074da00000, 0x000000074dc00000|  0%| F|  |TAMS 0x000000074da00000| PB 0x000000074da00000| Untracked 
|  91|0x000000074dc00000, 0x000000074dc00000, 0x000000074de00000|  0%| F|  |TAMS 0x000000074dc00000| PB 0x000000074dc00000| Untracked 
|  92|0x000000074de00000, 0x000000074de00000, 0x000000074e000000|  0%| F|  |TAMS 0x000000074de00000| PB 0x000000074de00000| Untracked 
|  93|0x000000074e000000, 0x000000074e200000, 0x000000074e200000|100%| E|  |TAMS 0x000000074e000000| PB 0x000000074e000000| Complete 
|  94|0x000000074e200000, 0x000000074e400000, 0x000000074e400000|100%| E|CS|TAMS 0x000000074e200000| PB 0x000000074e200000| Complete 

Card table byte_map: [0x0000026dfb4c0000,0x0000026dfbab0000] _byte_map_base: 0x0000026df7aad000

Marking Bits: (CMBitMap*) 0x0000026de8dc0c00
 Bits: [0x0000026dfbab0000, 0x0000026dfea18000)

Polling page: 0x0000026de6b90000

Metaspace:

Usage:
  Non-class:     15.04 MB used.
      Class:      1.79 MB used.
       Both:     16.84 MB used.

Virtual space:
  Non-class space:       64.00 MB reserved,      15.19 MB ( 24%) committed,  1 nodes.
      Class space:        1.00 GB reserved,       1.88 MB ( <1%) committed,  1 nodes.
             Both:        1.06 GB reserved,      17.06 MB (  2%) committed. 

Chunk freelists:
   Non-Class:  652.00 KB
       Class:  14.13 MB
        Both:  14.76 MB

MaxMetaspaceSize: unlimited
CompressedClassSpaceSize: 1.00 GB
Initial GC threshold: 21.00 MB
Current GC threshold: 21.00 MB
CDS: off
 - commit_granule_bytes: 65536.
 - commit_granule_words: 8192.
 - virtual_space_node_default_size: 8388608.
 - enlarge_chunks_in_place: 1.
 - use_allocation_guard: 0.


Internal statistics:

num_allocs_failed_limit: 0.
num_arena_births: 268.
num_arena_deaths: 0.
num_vsnodes_births: 2.
num_vsnodes_deaths: 0.
num_space_committed: 273.
num_space_uncommitted: 0.
num_chunks_returned_to_freelist: 0.
num_chunks_taken_from_freelist: 465.
num_chunk_merges: 0.
num_chunk_splits: 263.
num_chunks_enlarged: 135.
num_inconsistent_stats: 0.

CodeHeap 'non-profiled nmethods': size=120000Kb used=427Kb max_used=427Kb free=119572Kb
 bounds [0x0000026df39a0000, 0x0000026df3c10000, 0x0000026dfaed0000]
CodeHeap 'profiled nmethods': size=120000Kb used=2064Kb max_used=2064Kb free=117935Kb
 bounds [0x0000026debed0000, 0x0000026dec140000, 0x0000026df3400000]
CodeHeap 'non-nmethods': size=5760Kb used=1412Kb max_used=1432Kb free=4347Kb
 bounds [0x0000026df3400000, 0x0000026df3670000, 0x0000026df39a0000]
 total_blobs=1771 nmethods=1254 adapters=422
 compilation: enabled
              stopped_count=0, restarted_count=0
 full_count=0

Compilation events (20 events):
Event: 1.036 Thread 0x0000026dff1bd6f0 1141       3       jdk.internal.misc.Unsafe::putIntUnaligned (14 bytes)
Event: 1.036 Thread 0x0000026dff1bd6f0 nmethod 1141 0x0000026dec099310 code [0x0000026dec0994c0, 0x0000026dec099700]
Event: 1.040 Thread 0x0000026dff1bd6f0 1142       3       sun.security.provider.SHA2::implCompress0 (448 bytes)
Event: 1.041 Thread 0x0000026dff1bd6f0 nmethod 1142 0x0000026dec099810 code [0x0000026dec099a60, 0x0000026dec09a670]
Event: 1.042 Thread 0x0000026dff95bb70 nmethod 1137 0x0000026df3a02290 code [0x0000026df3a02480, 0x0000026df3a029f8]
Event: 1.054 Thread 0x0000026dff95bb70 1145   !   4       java.util.concurrent.ConcurrentHashMap::putVal (432 bytes)
Event: 1.056 Thread 0x0000026dff1bd6f0 1146       3       java.lang.invoke.LambdaFormBuffer::changeName (149 bytes)
Event: 1.057 Thread 0x0000026dff1bd6f0 nmethod 1146 0x0000026dec09ad90 code [0x0000026dec09af80, 0x0000026dec09b4b0]
Event: 1.059 Thread 0x0000026dff1bd6f0 1147       3       java.lang.ref.SoftReference::<init> (13 bytes)
Event: 1.059 Thread 0x0000026dff1bd6f0 nmethod 1147 0x0000026dec09b690 code [0x0000026dec09b860, 0x0000026dec09bb90]
Event: 1.060 Thread 0x0000026dff1bd6f0 1148       3       sun.security.provider.ByteArrayAccess::b2iBig64 (231 bytes)
Event: 1.067 Thread 0x0000026dff1bd6f0 nmethod 1148 0x0000026dec09bc90 code [0x0000026dec09c4e0, 0x0000026dec0a1070]
Event: 1.068 Thread 0x0000026dff1bd6f0 1149       3       java.lang.Byte::hashCode (8 bytes)
Event: 1.068 Thread 0x0000026dff1bd6f0 nmethod 1149 0x0000026dec0a2510 code [0x0000026dec0a26c0, 0x0000026dec0a2828]
Event: 1.068 Thread 0x0000026dff1bd6f0 1150       3       java.lang.Byte::hashCode (2 bytes)
Event: 1.068 Thread 0x0000026dff1bd6f0 nmethod 1150 0x0000026dec0a2910 code [0x0000026dec0a2aa0, 0x0000026dec0a2b90]
Event: 1.069 Thread 0x0000026dff1bd6f0 1151       3       sun.security.util.math.intpoly.P256OrderField::carryReduce (577 bytes)
Event: 1.070 Thread 0x0000026dff1bd6f0 nmethod 1151 0x0000026dec0a2c10 code [0x0000026dec0a2dc0, 0x0000026dec0a3318]
Event: 1.070 Thread 0x0000026dff1bd6f0 1152       3       sun.security.util.math.intpoly.P256OrderField::carryReduce0 (2216 bytes)
Event: 1.072 Thread 0x0000026dff1bd6f0 nmethod 1152 0x0000026dec0a3490 code [0x0000026dec0a3660, 0x0000026dec0a48b0]

GC Heap History (2 events):
Event: 0.779 GC heap before
{Heap before GC invocations=0 (full 0):
 garbage-first heap   total 194560K, used 12288K [0x0000000742600000, 0x0000000800000000)
  region size 2048K, 6 young (12288K), 0 survivors (0K)
 Metaspace       used 15183K, committed 15488K, reserved 1114112K
  class space    used 1583K, committed 1728K, reserved 1048576K
}
Event: 0.785 GC heap after
{Heap after GC invocations=1 (full 0):
 garbage-first heap   total 194560K, used 2303K [0x0000000742600000, 0x0000000800000000)
  region size 2048K, 1 young (2048K), 1 survivors (2048K)
 Metaspace       used 15183K, committed 15488K, reserved 1114112K
  class space    used 1583K, committed 1728K, reserved 1048576K
}

Dll operation events (2 events):
Event: 0.009 Loaded shared library C:\Program Files\Android\Android Studio\jbr\bin\java.dll
Event: 0.015 Loaded shared library C:\Program Files\Android\Android Studio\jbr\bin\zip.dll

Deoptimization events (20 events):
Event: 0.792 Thread 0x0000026dff8a6f80 Uncommon trap: trap_request=0xffffff45 fr.pc=0x0000026df39f0f0c relative=0x000000000000006c
Event: 0.792 Thread 0x0000026dff8a6f80 Uncommon trap: reason=unstable_if action=reinterpret pc=0x0000026df39f0f0c method=java.lang.ref.ReferenceQueue.headIsNull()Z @ 4 c2
Event: 0.792 Thread 0x0000026dff8a6f80 DEOPT PACKING pc=0x0000026df39f0f0c sp=0x000000b8c40fcce0
Event: 0.792 Thread 0x0000026dff8a6f80 DEOPT UNPACKING pc=0x0000026df34546a2 sp=0x000000b8c40fcc08 mode 2
Event: 1.030 Thread 0x0000026dff8c46a0 Uncommon trap: trap_request=0xffffff66 fr.pc=0x0000026df39fdefc relative=0x000000000000031c
Event: 1.030 Thread 0x0000026dff8c46a0 Uncommon trap: reason=speculate_class_check action=maybe_recompile pc=0x0000026df39fdefc method=sun.security.util.math.intpoly.IntegerPolynomial.multByInt([JJ)V @ 26 c2
Event: 1.030 Thread 0x0000026dff8c46a0 DEOPT PACKING pc=0x0000026df39fdefc sp=0x000000b8c41fe480
Event: 1.030 Thread 0x0000026dff8c46a0 DEOPT UNPACKING pc=0x0000026df34546a2 sp=0x000000b8c41fe3c0 mode 2
Event: 1.030 Thread 0x0000026dff8c46a0 Uncommon trap: trap_request=0xffffff66 fr.pc=0x0000026df39fdefc relative=0x000000000000031c
Event: 1.030 Thread 0x0000026dff8c46a0 Uncommon trap: reason=speculate_class_check action=maybe_recompile pc=0x0000026df39fdefc method=sun.security.util.math.intpoly.IntegerPolynomial.multByInt([JJ)V @ 26 c2
Event: 1.030 Thread 0x0000026dff8c46a0 DEOPT PACKING pc=0x0000026df39fdefc sp=0x000000b8c41fe480
Event: 1.030 Thread 0x0000026dff8c46a0 DEOPT UNPACKING pc=0x0000026df34546a2 sp=0x000000b8c41fe3c0 mode 2
Event: 1.030 Thread 0x0000026dff8c46a0 Uncommon trap: trap_request=0xffffff66 fr.pc=0x0000026df39fdefc relative=0x000000000000031c
Event: 1.030 Thread 0x0000026dff8c46a0 Uncommon trap: reason=speculate_class_check action=maybe_recompile pc=0x0000026df39fdefc method=sun.security.util.math.intpoly.IntegerPolynomial.multByInt([JJ)V @ 26 c2
Event: 1.030 Thread 0x0000026dff8c46a0 DEOPT PACKING pc=0x0000026df39fdefc sp=0x000000b8c41fe480
Event: 1.030 Thread 0x0000026dff8c46a0 DEOPT UNPACKING pc=0x0000026df34546a2 sp=0x000000b8c41fe3c0 mode 2
Event: 1.030 Thread 0x0000026dff8c46a0 Uncommon trap: trap_request=0xffffff66 fr.pc=0x0000026df39fdefc relative=0x000000000000031c
Event: 1.030 Thread 0x0000026dff8c46a0 Uncommon trap: reason=speculate_class_check action=maybe_recompile pc=0x0000026df39fdefc method=sun.security.util.math.intpoly.IntegerPolynomial.multByInt([JJ)V @ 26 c2
Event: 1.030 Thread 0x0000026dff8c46a0 DEOPT PACKING pc=0x0000026df39fdefc sp=0x000000b8c41fe480
Event: 1.030 Thread 0x0000026dff8c46a0 DEOPT UNPACKING pc=0x0000026df34546a2 sp=0x000000b8c41fe3c0 mode 2

Classes loaded (20 events):
Event: 1.061 Loading class sun/security/ssl/CertificateVerify$T13CertificateVerifyMessage done
Event: 1.061 Loading class sun/security/util/SignatureUtil
Event: 1.061 Loading class sun/security/util/SignatureUtil done
Event: 1.065 Loading class sun/security/util/math/IntegerModuloP$MultiplicativeInverser$Secp256R1Field
Event: 1.066 Loading class sun/security/util/math/IntegerModuloP$MultiplicativeInverser$Secp256R1Field done
Event: 1.073 Loading class sun/security/ssl/Finished$FinishedMessage
Event: 1.073 Loading class sun/security/ssl/Finished$FinishedMessage done
Event: 1.073 Loading class sun/security/ssl/Finished$VerifyDataScheme
Event: 1.073 Loading class sun/security/ssl/Finished$VerifyDataScheme done
Event: 1.073 Loading class sun/security/ssl/Finished$S30VerifyDataGenerator
Event: 1.074 Loading class sun/security/ssl/Finished$VerifyDataGenerator
Event: 1.074 Loading class sun/security/ssl/Finished$VerifyDataGenerator done
Event: 1.074 Loading class sun/security/ssl/Finished$S30VerifyDataGenerator done
Event: 1.074 Loading class sun/security/ssl/Finished$T10VerifyDataGenerator
Event: 1.074 Loading class sun/security/ssl/Finished$T10VerifyDataGenerator done
Event: 1.074 Loading class sun/security/ssl/Finished$T12VerifyDataGenerator
Event: 1.074 Loading class sun/security/ssl/Finished$T12VerifyDataGenerator done
Event: 1.074 Loading class sun/security/ssl/Finished$T13VerifyDataGenerator
Event: 1.074 Loading class sun/security/ssl/Finished$T13VerifyDataGenerator done
Event: 1.074 Loading class sun/security/ssl/Finished$1

Classes unloaded (0 events):
No events

Classes redefined (0 events):
No events

Internal exceptions (20 events):
Event: 0.526 Thread 0x0000026de8d73420 Exception <a 'java/lang/NoSuchMethodError'{0x000000074dfe6e90}: 'int java.lang.invoke.DirectMethodHandle$Holder.invokeStaticInit(java.lang.Object, int, int)'> (0x000000074dfe6e90) 
thrown [s\src\hotspot\share\interpreter\linkResolver.cpp, line 784]
Event: 0.527 Thread 0x0000026de8d73420 Exception <a 'java/lang/NoSuchMethodError'{0x000000074dfee4a0}: 'int java.lang.invoke.DirectMethodHandle$Holder.invokeStaticInit(java.lang.Object, long, long)'> (0x000000074dfee4a0) 
thrown [s\src\hotspot\share\interpreter\linkResolver.cpp, line 784]
Event: 0.528 Thread 0x0000026de8d73420 Exception <a 'java/lang/NoSuchMethodError'{0x000000074dff4f38}: 'int java.lang.invoke.DirectMethodHandle$Holder.invokeStaticInit(java.lang.Object, float, float)'> (0x000000074dff4f38) 
thrown [s\src\hotspot\share\interpreter\linkResolver.cpp, line 784]
Event: 0.529 Thread 0x0000026de8d73420 Exception <a 'java/lang/NoSuchMethodError'{0x000000074dffbc28}: 'int java.lang.invoke.DirectMethodHandle$Holder.invokeStaticInit(java.lang.Object, double, double)'> (0x000000074dffbc28) 
thrown [s\src\hotspot\share\interpreter\linkResolver.cpp, line 784]
Event: 0.529 Thread 0x0000026de8d73420 Exception <a 'java/lang/NoSuchMethodError'{0x000000074dc00510}: 'int java.lang.invoke.DirectMethodHandle$Holder.invokeStatic(java.lang.Object, long)'> (0x000000074dc00510) 
thrown [s\src\hotspot\share\interpreter\linkResolver.cpp, line 784]
Event: 0.537 Thread 0x0000026de8d73420 Exception <a 'java/lang/NoSuchMethodError'{0x000000074dc2d418}: 'java.lang.Object java.lang.invoke.DelegatingMethodHandle$Holder.delegate(java.lang.Object, int, java.lang.Object, java.lang.Object)'> (0x000000074dc2d418) 
thrown [s\src\hotspot\share\interpreter\linkResolver.cpp, line 784]
Event: 0.539 Thread 0x0000026de8d73420 Exception <a 'java/lang/NoSuchMethodError'{0x000000074dc3c738}: 'int java.lang.invoke.Invokers$Holder.linkToTargetMethod(java.lang.Object, java.lang.Object, java.lang.Object)'> (0x000000074dc3c738) 
thrown [s\src\hotspot\share\interpreter\linkResolver.cpp, line 784]
Event: 0.544 Thread 0x0000026de8d73420 Exception <a 'java/lang/NoSuchMethodError'{0x000000074dc6b940}: 'long java.lang.invoke.DirectMethodHandle$Holder.invokeSpecial(java.lang.Object, java.lang.Object)'> (0x000000074dc6b940) 
thrown [s\src\hotspot\share\interpreter\linkResolver.cpp, line 784]
Event: 0.545 Thread 0x0000026de8d73420 Exception <a 'java/lang/NoSuchMethodError'{0x000000074dc72210}: 'int java.lang.invoke.DirectMethodHandle$Holder.invokeStatic(java.lang.Object, java.lang.Object, java.lang.Object, java.lang.Object)'> (0x000000074dc72210) 
thrown [s\src\hotspot\share\interpreter\linkResolver.cpp, line 784]
Event: 0.545 Thread 0x0000026de8d73420 Exception <a 'java/lang/NoSuchMethodError'{0x000000074dc75630}: 'java.lang.Object java.lang.invoke.Invokers$Holder.invokeExact_MT(java.lang.Object, java.lang.Object, java.lang.Object, java.lang.Object, java.lang.Object, java.lang.Object)'> (0x000000074dc75630) 
thrown [s\src\hotspot\share\interpreter\linkResolver.cpp, line 784]
Event: 0.640 Thread 0x0000026de8d73420 Exception <a 'java/lang/NoSuchMethodError'{0x000000074da92858}: 'java.lang.Object java.lang.invoke.DirectMethodHandle$Holder.newInvokeSpecial(java.lang.Object, java.lang.Object, java.lang.Object, java.lang.Object, java.lang.Object)'> (0x000000074da92858) 
thrown [s\src\hotspot\share\interpreter\linkResolver.cpp, line 784]
Event: 0.695 Thread 0x0000026de8d73420 Exception <a 'java/lang/NoSuchMethodError'{0x000000074dbeed10}: 'java.lang.Object java.lang.invoke.DirectMethodHandle$Holder.invokeSpecial(java.lang.Object, java.lang.Object, java.lang.Object, java.lang.Object, int)'> (0x000000074dbeed10) 
thrown [s\src\hotspot\share\interpreter\linkResolver.cpp, line 784]
Event: 0.695 Thread 0x0000026de8d73420 Exception <a 'java/lang/NoSuchMethodError'{0x000000074dbf2908}: 'java.lang.Object java.lang.invoke.Invokers$Holder.linkToTargetMethod(java.lang.Object, java.lang.Object, int, java.lang.Object)'> (0x000000074dbf2908) 
thrown [s\src\hotspot\share\interpreter\linkResolver.cpp, line 784]
Event: 0.704 Thread 0x0000026de8d73420 Exception <a 'java/lang/NoSuchMethodError'{0x000000074d81eb18}: 'void java.lang.invoke.DirectMethodHandle$Holder.invokeSpecial(java.lang.Object, java.lang.Object, java.lang.Object)'> (0x000000074d81eb18) 
thrown [s\src\hotspot\share\interpreter\linkResolver.cpp, line 784]
Event: 0.724 Thread 0x0000026dff7de2e0 Exception <a 'java/lang/NoSuchMethodError'{0x000000074da5b938}: 'void java.lang.invoke.DirectMethodHandle$Holder.invokeStatic(java.lang.Object, java.lang.Object, int)'> (0x000000074da5b938) 
thrown [s\src\hotspot\share\interpreter\linkResolver.cpp, line 784]
Event: 0.727 Thread 0x0000026de8d73420 Exception <a 'java/lang/NoSuchMethodError'{0x000000074d8a4f68}: 'void java.lang.invoke.DirectMethodHandle$Holder.invokeSpecial(java.lang.Object, java.lang.Object, java.lang.Object, java.lang.Object, java.lang.Object)'> (0x000000074d8a4f68) 
thrown [s\src\hotspot\share\interpreter\linkResolver.cpp, line 784]
Event: 0.734 Thread 0x0000026dff7de2e0 Exception <a 'java/lang/NoSuchMethodError'{0x000000074d8d4a50}: 'void java.lang.invoke.DirectMethodHandle$Holder.invokeStatic(java.lang.Object, java.lang.Object)'> (0x000000074d8d4a50) 
thrown [s\src\hotspot\share\interpreter\linkResolver.cpp, line 784]
Event: 0.735 Thread 0x0000026dff8a6f80 Exception <a 'java/lang/NoSuchMethodError'{0x000000074d954450}: 'void java.lang.invoke.DirectMethodHandle$Holder.invokeInterface(java.lang.Object, java.lang.Object, java.lang.Object)'> (0x000000074d954450) 
thrown [s\src\hotspot\share\interpreter\linkResolver.cpp, line 784]
Event: 0.742 Thread 0x0000026dff8a6f80 Exception <a 'java/lang/NoSuchMethodError'{0x000000074d99a468}: 'void java.lang.invoke.DirectMethodHandle$Holder.invokeVirtual(java.lang.Object, java.lang.Object)'> (0x000000074d99a468) 
thrown [s\src\hotspot\share\interpreter\linkResolver.cpp, line 784]
Event: 1.023 Thread 0x0000026dff8c46a0 Exception <a 'java/lang/NoSuchMethodError'{0x000000074e38ac60}: 'void java.lang.invoke.DirectMethodHandle$Holder.invokeInterface(java.lang.Object, java.lang.Object)'> (0x000000074e38ac60) 
thrown [s\src\hotspot\share\interpreter\linkResolver.cpp, line 784]

ZGC Phase Switch (0 events):
No events

VM Operations (8 events):
Event: 0.146 Executing VM operation: HandshakeAllThreads (Deoptimize)
Event: 0.146 Executing VM operation: HandshakeAllThreads (Deoptimize) done
Event: 0.190 Executing VM operation: HandshakeAllThreads (Deoptimize)
Event: 0.190 Executing VM operation: HandshakeAllThreads (Deoptimize) done
Event: 0.425 Executing VM operation: HandshakeAllThreads (Deoptimize)
Event: 0.425 Executing VM operation: HandshakeAllThreads (Deoptimize) done
Event: 0.779 Executing VM operation: G1CollectForAllocation (G1 Evacuation Pause)
Event: 0.785 Executing VM operation: G1CollectForAllocation (G1 Evacuation Pause) done

Memory protections (0 events):
No events

Nmethod flushes (0 events):
No events

Events (20 events):
Event: 0.014 Thread 0x0000026de8d73420 Thread added: 0x0000026de8d73420
Event: 0.068 Thread 0x0000026de8d73420 Thread added: 0x0000026dff193770
Event: 0.069 Thread 0x0000026de8d73420 Thread added: 0x0000026dff196490
Event: 0.070 Thread 0x0000026de8d73420 Thread added: 0x0000026dff199f50
Event: 0.070 Thread 0x0000026de8d73420 Thread added: 0x0000026dff197ef0
Event: 0.070 Thread 0x0000026de8d73420 Thread added: 0x0000026dff198d50
Event: 0.070 Thread 0x0000026de8d73420 Thread added: 0x0000026dff1aaa60
Event: 0.070 Thread 0x0000026de8d73420 Thread added: 0x0000026dff1bac50
Event: 0.070 Thread 0x0000026de8d73420 Thread added: 0x0000026dff1bd6f0
Event: 0.108 Thread 0x0000026de8d73420 Thread added: 0x0000026dff361ea0
Event: 0.116 Thread 0x0000026de8d73420 Thread added: 0x0000026dff369150
Event: 0.125 Loaded shared library C:\Program Files\Android\Android Studio\jbr\bin\net.dll
Event: 0.128 Loaded shared library C:\Program Files\Android\Android Studio\jbr\bin\nio.dll
Event: 0.138 Loaded shared library C:\Program Files\Android\Android Studio\jbr\bin\zip.dll
Event: 0.272 Loaded shared library C:\Program Files\Android\Android Studio\jbr\bin\jimage.dll
Event: 0.629 Loaded shared library C:\Program Files\Android\Android Studio\jbr\bin\extnet.dll
Event: 0.635 Thread 0x0000026de8d73420 Thread added: 0x0000026dff7de2e0
Event: 0.733 Thread 0x0000026dff7de2e0 Thread added: 0x0000026dff8a6f80
Event: 0.754 Thread 0x0000026dff7de2e0 Thread added: 0x0000026dff8c46a0
Event: 0.830 Thread 0x0000026dff1bd6f0 Thread added: 0x0000026dff95bb70


Dynamic libraries:
0x00007ff7fbc50000 - 0x00007ff7fbc5a000 	C:\Program Files\Android\Android Studio\jbr\bin\java.exe
0x00007ffdddc30000 - 0x00007ffddde28000 	C:\Windows\SYSTEM32\ntdll.dll
0x00007ffddd380000 - 0x00007ffddd442000 	C:\Windows\System32\KERNEL32.DLL
0x00007ffddb950000 - 0x00007ffddbc46000 	C:\Windows\System32\KERNELBASE.dll
0x00007ffddb560000 - 0x00007ffddb660000 	C:\Windows\System32\ucrtbase.dll
0x00007ffdb8630000 - 0x00007ffdb8648000 	C:\Program Files\Android\Android Studio\jbr\bin\jli.dll
0x00007ffdb46b0000 - 0x00007ffdb46cb000 	C:\Program Files\Android\Android Studio\jbr\bin\VCRUNTIME140.dll
0x00007ffddc0a0000 - 0x00007ffddc23d000 	C:\Windows\System32\USER32.dll
0x00007ffddb2c0000 - 0x00007ffddb2e2000 	C:\Windows\System32\win32u.dll
0x00007ffdc3510000 - 0x00007ffdc37aa000 	C:\Windows\WinSxS\amd64_microsoft.windows.common-controls_6595b64144ccf1df_6.0.19041.4355_none_60b8b9eb71f62e16\COMCTL32.dll
0x00007ffddd450000 - 0x00007ffddd47b000 	C:\Windows\System32\GDI32.dll
0x00007ffddc830000 - 0x00007ffddc8ce000 	C:\Windows\System32\msvcrt.dll
0x00007ffddb760000 - 0x00007ffddb87a000 	C:\Windows\System32\gdi32full.dll
0x00007ffddb880000 - 0x00007ffddb91d000 	C:\Windows\System32\msvcp_win.dll
0x00007ffddc800000 - 0x00007ffddc82f000 	C:\Windows\System32\IMM32.DLL
0x00007ffdb46d0000 - 0x00007ffdb46dc000 	C:\Program Files\Android\Android Studio\jbr\bin\vcruntime140_1.dll
0x00007ffd886e0000 - 0x00007ffd8876d000 	C:\Program Files\Android\Android Studio\jbr\bin\msvcp140.dll
0x00007ffd2cef0000 - 0x00007ffd2db7a000 	C:\Program Files\Android\Android Studio\jbr\bin\server\jvm.dll
0x00007ffddcd50000 - 0x00007ffddcdff000 	C:\Windows\System32\ADVAPI32.dll
0x00007ffddd260000 - 0x00007ffddd2ff000 	C:\Windows\System32\sechost.dll
0x00007ffddbe60000 - 0x00007ffddbf83000 	C:\Windows\System32\RPCRT4.dll
0x00007ffddb920000 - 0x00007ffddb947000 	C:\Windows\System32\bcrypt.dll
0x00007ffddd160000 - 0x00007ffddd1cb000 	C:\Windows\System32\WS2_32.dll
0x00007ffddad40000 - 0x00007ffddad8b000 	C:\Windows\SYSTEM32\POWRPROF.dll
0x00007ffdc70e0000 - 0x00007ffdc7107000 	C:\Windows\SYSTEM32\WINMM.dll
0x00007ffdd9120000 - 0x00007ffdd912a000 	C:\Windows\SYSTEM32\VERSION.dll
0x00007ffddacf0000 - 0x00007ffddad02000 	C:\Windows\SYSTEM32\UMPDC.dll
0x00007ffdd91d0000 - 0x00007ffdd91e2000 	C:\Windows\SYSTEM32\kernel.appcore.dll
0x00007ffdb45e0000 - 0x00007ffdb45ea000 	C:\Program Files\Android\Android Studio\jbr\bin\jimage.dll
0x00007ffdb4740000 - 0x00007ffdb4924000 	C:\Windows\SYSTEM32\DBGHELP.DLL
0x00007ffdb4700000 - 0x00007ffdb4734000 	C:\Windows\SYSTEM32\dbgcore.DLL
0x00007ffddb370000 - 0x00007ffddb3f2000 	C:\Windows\System32\bcryptPrimitives.dll
0x00007ffda6d70000 - 0x00007ffda6d90000 	C:\Program Files\Android\Android Studio\jbr\bin\java.dll
0x00007ffda6690000 - 0x00007ffda66a8000 	C:\Program Files\Android\Android Studio\jbr\bin\zip.dll
0x00007ffddd480000 - 0x00007ffdddbef000 	C:\Windows\System32\SHELL32.dll
0x00007ffdd9340000 - 0x00007ffdd9ae3000 	C:\Windows\SYSTEM32\windows.storage.dll
0x00007ffddce00000 - 0x00007ffddd155000 	C:\Windows\System32\combase.dll
0x00007ffddac80000 - 0x00007ffddacab000 	C:\Windows\SYSTEM32\Wldp.dll
0x00007ffddc8d0000 - 0x00007ffddc99d000 	C:\Windows\System32\OLEAUT32.dll
0x00007ffddcb50000 - 0x00007ffddcbfd000 	C:\Windows\System32\SHCORE.dll
0x00007ffddd320000 - 0x00007ffddd375000 	C:\Windows\System32\shlwapi.dll
0x00007ffddb1f0000 - 0x00007ffddb215000 	C:\Windows\SYSTEM32\profapi.dll
0x00007ffdb4580000 - 0x00007ffdb4590000 	C:\Program Files\Android\Android Studio\jbr\bin\net.dll
0x00007ffdd8f10000 - 0x00007ffdd901a000 	C:\Windows\SYSTEM32\WINHTTP.dll
0x00007ffdda9e0000 - 0x00007ffddaa4c000 	C:\Windows\system32\mswsock.dll
0x00007ffda5dc0000 - 0x00007ffda5dd6000 	C:\Program Files\Android\Android Studio\jbr\bin\nio.dll
0x00007ffddabd0000 - 0x00007ffddabe8000 	C:\Windows\SYSTEM32\CRYPTSP.dll
0x00007ffdda2a0000 - 0x00007ffdda2d8000 	C:\Windows\system32\rsaenh.dll
0x00007ffddb1b0000 - 0x00007ffddb1de000 	C:\Windows\SYSTEM32\USERENV.dll
0x00007ffddabf0000 - 0x00007ffddabfc000 	C:\Windows\SYSTEM32\CRYPTBASE.dll
0x00007ffdda660000 - 0x00007ffdda69b000 	C:\Windows\SYSTEM32\IPHLPAPI.DLL
0x00007ffddcc00000 - 0x00007ffddcc08000 	C:\Windows\System32\NSI.dll
0x00007ffdb9fd0000 - 0x00007ffdb9fd7000 	C:\Windows\system32\wshunix.dll
0x00007ffdbad80000 - 0x00007ffdbad89000 	C:\Program Files\Android\Android Studio\jbr\bin\extnet.dll

dbghelp: loaded successfully - version: 4.0.5 - missing functions: none
symbol engine: initialized successfully - sym options: 0x614 - pdb path: .;C:\Program Files\Android\Android Studio\jbr\bin;C:\Windows\SYSTEM32;C:\Windows\WinSxS\amd64_microsoft.windows.common-controls_6595b64144ccf1df_6.0.19041.4355_none_60b8b9eb71f62e16;C:\Program Files\Android\Android Studio\jbr\bin\server

VM Arguments:
java_command: git4idea.http.GitAskPassApp Password for 'https://ThomasShikalepo@github.com': 
java_class_path (initial): C:/Program Files/Android/Android Studio/plugins/vcs-git/lib/git4idea-rt.jar;C:/Program Files/Android/Android Studio/lib/externalProcess-rt.jar
Launcher Type: SUN_STANDARD

[Global flags]
     intx CICompilerCount                          = 3                                         {product} {ergonomic}
     uint ConcGCThreads                            = 1                                         {product} {ergonomic}
     uint G1ConcRefinementThreads                  = 4                                         {product} {ergonomic}
   size_t G1HeapRegionSize                         = 2097152                                   {product} {ergonomic}
    uintx GCDrainStackTargetSize                   = 64                                        {product} {ergonomic}
   size_t InitialHeapSize                          = 199229440                                 {product} {ergonomic}
   size_t MarkStackSize                            = 4194304                                   {product} {ergonomic}
   size_t MaxHeapSize                              = 3181379584                                {product} {ergonomic}
   size_t MaxNewSize                               = 1908408320                                {product} {ergonomic}
   size_t MinHeapDeltaBytes                        = 2097152                                   {product} {ergonomic}
   size_t MinHeapSize                              = 8388608                                   {product} {ergonomic}
    uintx NonNMethodCodeHeapSize                   = 5832780                                {pd product} {ergonomic}
    uintx NonProfiledCodeHeapSize                  = 122912730                              {pd product} {ergonomic}
    uintx ProfiledCodeHeapSize                     = 122912730                              {pd product} {ergonomic}
    uintx ReservedCodeCacheSize                    = 251658240                              {pd product} {ergonomic}
     bool SegmentedCodeCache                       = true                                      {product} {ergonomic}
   size_t SoftMaxHeapSize                          = 3181379584                             {manageable} {ergonomic}
     bool UseCompressedOops                        = true                           {product lp64_product} {ergonomic}
     bool UseG1GC                                  = true                                      {product} {ergonomic}
     bool UseLargePagesIndividualAllocation        = false                                  {pd product} {ergonomic}

Logging:
Log output configuration:
 #0: stdout all=warning uptime,level,tags foldmultilines=false
 #1: stderr all=off uptime,level,tags foldmultilines=false

Environment Variables:
PATH=C:/Program Files/Git/mingw64/libexec/git-core;C:/Program Files/Git/mingw64/libexec/git-core;C:\Program Files\Git\mingw64\bin;C:\Program Files\Git\usr\bin;C:\Users\Deon\bin;C:\Program Files\Common Files\Oracle\Java\javapath;C:\Windows\system32;C:\Windows;C:\Windows\System32\Wbem;C:\Windows\System32\WindowsPowerShell\v1.0\;C:\Windows\System32\OpenSSH\;C:\Program Files\nodejs\;C:\ProgramData\chocolatey\bin;C:\Program Files\Git\cmd;C:\Program Files\Java\jdk-24\bin;C:\Program Files\Amazon\AWSCLIV2\;C:\Users\Deon\AppData\Roaming\Microsoft\Windows\Start Menu\Programs\Python 3.13;C:\Users\Deon\AppData\Local\Programs\Python\Python313\Scripts\;C:\Users\Deon\AppData\Local\Programs\Python\Python313\;C:\Users\Deon\AppData\Local\Microsoft\WindowsApps;C:\Users\Deon\AppData\Local\Programs\Microsoft VS Code\bin;C:\Users\Deon\AppData\Roaming\npm
USERNAME=Deon
DISPLAY=:0.0
LC_ALL=en_US.UTF-8
TERM=xterm-256color
TMPDIR=C:\Users\Deon\AppData\Local\Temp
OS=Windows_NT
PROCESSOR_IDENTIFIER=Intel64 Family 6 Model 78 Stepping 3, GenuineIntel
TMP=C:\Users\Deon\AppData\Local\Temp
TEMP=C:\Users\Deon\AppData\Local\Temp




Periodic native trim disabled

JNI global refs:
JNI global refs: 19, weak refs: 0

JNI global refs memory usage: 835, weak refs: 833

Process memory usage:
Resident Set Size: 82636K (0% of 12422192K total physical memory with 705092K free physical memory)

OOME stack traces (most recent first):
Classloader memory used:
Loader bootstrap                                                                       : 15320K
Loader jdk.internal.loader.ClassLoaders$PlatformClassLoader                            : 1900K
Loader jdk.internal.loader.ClassLoaders$AppClassLoader                                 : 20416B

---------------  S Y S T E M  ---------------

OS:
 Windows 10 , 64 bit Build 19041 (10.0.19041.5678)
OS uptime: 0 days 6:35 hours

CPU: total 4 (initial active 4) (2 cores per cpu, 2 threads per core) family 6 model 78 stepping 3 microcode 0xf0, cx8, cmov, fxsr, ht, mmx, 3dnowpref, sse, sse2, sse3, ssse3, sse4.1, sse4.2, popcnt, lzcnt, tsc, tscinvbit, avx, avx2, aes, erms, clmul, bmi1, bmi2, rtm, adx, fma, vzeroupper, clflush, clflushopt, rdtscp, f16c
Processor Information for all 4 processors :
  Max Mhz: 2496, Current Mhz: 2396, Mhz Limit: 2396

Memory: 4k page, system-wide physical 12131M (688M free)
TotalPageFile size 15868M (AvailPageFile size 12M)
current process WorkingSet (physical memory assigned to process): 80M, peak: 80M
current process commit charge ("private bytes"): 285M, peak: 286M

vm_info: OpenJDK 64-Bit Server VM (21.0.5+-13047016-b750.29) for windows-amd64 JRE (21.0.5+-13047016-b750.29), built on 2025-02-11T21:12:39Z by "builder" with MS VC++ 16.10 / 16.11 (VS2019)

END.
