#
# There is insufficient memory for the Java Runtime Environment to continue.
# Native memory allocation (mmap) failed to map 65536 bytes. Error detail: Failed to commit metaspace.
# Possible reasons:
#   The system is out of physical RAM or swap space
#   This process is running with CompressedOops enabled, and the Java Heap may be blocking the growth of the native heap
# Possible solutions:
#   Reduce memory load on the system
#   Increase physical memory or swap space
#   Check if swap backing store is full
#   Decrease Java heap size (-Xmx/-Xms)
#   Decrease number of Java threads
#   Decrease Java thread stack sizes (-Xss)
#   Set larger code cache with -XX:ReservedCodeCacheSize=
#   JVM is running with Zero Based Compressed Oops mode in which the Java heap is
#     placed in the first 32GB address space. The Java Heap base address is the
#     maximum limit for the native heap growth. Please use -XX:HeapBaseMinAddress
#     to set the Java Heap base and to place the Java Heap above 32GB virtual address.
# This output file may be truncated or incomplete.
#
#  Out of Memory Error (virtualSpaceNode.cpp:113), pid=3808, tid=268
#
# JRE version: OpenJDK Runtime Environment (21.0.5) (build 21.0.5+-13047016-b750.29)
# Java VM: OpenJDK 64-Bit Server VM (21.0.5+-13047016-b750.29, mixed mode, tiered, compressed oops, compressed class ptrs, g1 gc, windows-amd64)
# No core dump will be written. Minidumps are not enabled by default on client versions of Windows
#

---------------  S U M M A R Y ------------

Command Line: git4idea.http.GitAskPassApp Username for 'https://github.com': 

Host: Intel(R) Core(TM) i5-6300U CPU @ 2.40GHz, 4 cores, 11G,  Windows 10 , 64 bit Build 19041 (10.0.19041.5678)
Time: Thu May  8 01:30:00 2025 Namibia Standard Time elapsed time: 0.451891 seconds (0d 0h 0m 0s)

---------------  T H R E A D  ---------------

Current thread (0x000001d65f7b30a0):  JavaThread "main"             [_thread_in_vm, id=268, stack(0x000000b5fa100000,0x000000b5fa200000) (1024K)]

Stack: [0x000000b5fa100000,0x000000b5fa200000]
Native frames: (J=compiled Java code, j=interpreted, Vv=VM code, C=native code)
V  [jvm.dll+0x6cfb29]
V  [jvm.dll+0x85df93]
V  [jvm.dll+0x8604ee]
V  [jvm.dll+0x860bd3]
V  [jvm.dll+0x27e6b6]
V  [jvm.dll+0x858e6e]
V  [jvm.dll+0x673d95]
V  [jvm.dll+0x1e3111]
V  [jvm.dll+0x1e2ede]
V  [jvm.dll+0x6766e8]
V  [jvm.dll+0x676522]
V  [jvm.dll+0x67478e]
V  [jvm.dll+0x67e7b7]
V  [jvm.dll+0x214eac]
V  [jvm.dll+0x2153f5]
V  [jvm.dll+0x215dd6]
V  [jvm.dll+0x20ae29]
V  [jvm.dll+0x5b1d63]
V  [jvm.dll+0x21c86b]
V  [jvm.dll+0x7d555c]
V  [jvm.dll+0x7d6602]
V  [jvm.dll+0x7d6bc4]
V  [jvm.dll+0x7d6858]
V  [jvm.dll+0x26d41b]
V  [jvm.dll+0x3d4f2e]
C  0x000001d66b66a994

The last pc belongs to new (printed below).
Java frames: (J=compiled Java code, j=interpreted, Vv=VM code)
j  javax.crypto.CryptoPolicyParser.<init>()V+10 java.base@21.0.5
j  javax.crypto.CryptoPermissions.load(Ljava/io/InputStream;)V+4 java.base@21.0.5
j  javax.crypto.JceSecurity.setupJurisdictionPolicies()V+354 java.base@21.0.5
j  javax.crypto.JceSecurity$1.run()Ljava/lang/Void;+0 java.base@21.0.5
j  javax.crypto.JceSecurity$1.run()Ljava/lang/Object;+1 java.base@21.0.5
j  java.security.AccessController.executePrivileged(Ljava/security/PrivilegedExceptionAction;Ljava/security/AccessControlContext;Ljava/lang/Class;)Ljava/lang/Object;+29 java.base@21.0.5
j  java.security.AccessController.doPrivileged(Ljava/security/PrivilegedExceptionAction;)Ljava/lang/Object;+9 java.base@21.0.5
j  javax.crypto.JceSecurity.<clinit>()V+54 java.base@21.0.5
v  ~StubRoutines::call_stub 0x000001d66b65100d
j  javax.crypto.Cipher.getInstance(Ljava/lang/String;)Ljavax/crypto/Cipher;+134 java.base@21.0.5
j  sun.security.ssl.SSLCipher.isTransformationAvailable(Ljava/lang/String;)Z+12 java.base@21.0.5
j  sun.security.ssl.SSLCipher.<init>(Ljava/lang/String;ILjava/lang/String;Lsun/security/ssl/CipherType;IIIIZZ[Ljava/util/Map$Entry;[Ljava/util/Map$Entry;)V+124 java.base@21.0.5
j  sun.security.ssl.SSLCipher.<clinit>()V+182 java.base@21.0.5
v  ~StubRoutines::call_stub 0x000001d66b65100d
j  sun.security.ssl.CipherSuite.<clinit>()V+18 java.base@21.0.5
v  ~StubRoutines::call_stub 0x000001d66b65100d
j  sun.security.ssl.SSLContextImpl.getApplicableSupportedCipherSuites(Ljava/util/List;)Ljava/util/List;+0 java.base@21.0.5
j  sun.security.ssl.SSLContextImpl$AbstractTLSContext.<clinit>()V+84 java.base@21.0.5
v  ~StubRoutines::call_stub 0x000001d66b65100d
j  java.lang.Class.forName0(Ljava/lang/String;ZLjava/lang/ClassLoader;Ljava/lang/Class;)Ljava/lang/Class;+0 java.base@21.0.5
j  java.lang.Class.forName(Ljava/lang/String;Ljava/lang/Class;)Ljava/lang/Class;+19 java.base@21.0.5
j  java.lang.Class.forName(Ljava/lang/String;)Ljava/lang/Class;+6 java.base@21.0.5
j  java.security.Provider$Service.getImplClass()Ljava/lang/Class;+64 java.base@21.0.5
j  java.security.Provider$Service.getDefaultConstructor()Ljava/lang/reflect/Constructor;+46 java.base@21.0.5
j  java.security.Provider$Service.newInstanceOf()Ljava/lang/Object;+1 java.base@21.0.5
j  java.security.Provider$Service.newInstanceUtil(Ljava/lang/Class;Ljava/lang/Object;)Ljava/lang/Object;+5 java.base@21.0.5
j  java.security.Provider$Service.newInstance(Ljava/lang/Object;)Ljava/lang/Object;+216 java.base@21.0.5
j  sun.security.jca.GetInstance.getInstance(Ljava/security/Provider$Service;Ljava/lang/Class;)Lsun/security/jca/GetInstance$Instance;+2 java.base@21.0.5
j  sun.security.jca.GetInstance.getInstance(Ljava/lang/String;Ljava/lang/Class;Ljava/lang/String;)Lsun/security/jca/GetInstance$Instance;+56 java.base@21.0.5
j  javax.net.ssl.SSLContext.getInstance(Ljava/lang/String;)Ljavax/net/ssl/SSLContext;+12 java.base@21.0.5
j  externalApp.ExternalAppUtil.sendIdeRequest(Ljava/lang/String;ILjava/lang/String;Ljava/lang/String;)LexternalApp/ExternalAppUtil$Result;+34
j  git4idea.http.GitAskPassApp.main([Ljava/lang/String;)V+37
v  ~StubRoutines::call_stub 0x000001d66b65100d
new  187 new  [0x000001d66b66a800, 0x000001d66b66aa08]  520 bytes
[MachCode]
  0x000001d66b66a800: 4883 ec08 | c5fa 1104 | 24eb 1f48 | 83ec 10c5 | fb11 0424 | eb14 4883 | ec10 4889 | 0424 48c7 
  0x000001d66b66a820: 4424 0800 | 0000 00eb | 0150 410f | b755 010f | cac1 ea10 | 488b 4de8 | 488b 4908 | 488b 4908 
  0x000001d66b66a840: 488b 4108 | 807c 1004 | 070f 85d3 | 0000 0066 | 8b54 d148 | 488b 4928 | 488b 4cd1 | 0851 80b9 
  0x000001d66b66a860: 4101 0000 | 040f 85b6 | 0000 008b | 5108 f6c2 | 010f 85aa | 0000 0049 | 8b87 b801 | 0000 488d 
  0x000001d66b66a880: 1c10 493b | 9fc8 0100 | 000f 8792 | 0000 0049 | 899f b801 | 0000 4883 | ea10 0f84 | 0f00 0000 
  0x000001d66b66a8a0: 33c9 c1ea | 0348 894c | d008 48ff | ca75 f648 | c700 0100 | 0000 5933 | f689 700c | 49ba 0000 
  0x000001d66b66a8c0: 0000 0800 | 0000 492b | ca89 4808 | 49ba 4147 | 2945 fa7f | 0000 4180 | 3a00 0f84 | 3c00 0000 
  0x000001d66b66a8e0: 5048 8bc8 | 4883 ec20 | 40f6 c40f | 0f84 1900 | 0000 4883 | ec08 48b8 | 106c e344 | fa7f 0000 
  0x000001d66b66a900: ffd0 4883 | c408 e90c | 0000 0048 | b810 6ce3 | 44fa 7f00 | 00ff d048 | 83c4 2058 | e9cb 0000 
  0x000001d66b66a920: 0059 488b | 55e8 488b | 5208 488b | 5208 450f | b745 0141 | 0fc8 41c1 | e810 e805 | 0000 00e9 
  0x000001d66b66a940: a800 0000 | 488d 4424 | 084c 896d | c049 8bcf | c5f8 7749 | 89af a803 | 0000 4989 | 8798 0300 
  0x000001d66b66a960: 0048 83ec | 2040 f6c4 | 0f0f 8419 | 0000 0048 | 83ec 0848 | b8e0 4ead | 44fa 7f00 | 00ff d048 
  0x000001d66b66a980: 83c4 08e9 | 0c00 0000 | 48b8 e04e | ad44 fa7f | 0000 ffd0 | 4883 c420 | 49c7 8798 | 0300 0000 
  0x000001d66b66a9a0: 0000 0049 | c787 a803 | 0000 0000 | 0000 49c7 | 87a0 0300 | 0000 0000 | 00c5 f877 | 4983 7f08 
  0x000001d66b66a9c0: 000f 8405 | 0000 00e9 | 3465 feff | 498b 87f0 | 0300 0049 | c787 f003 | 0000 0000 | 0000 4c8b 
  0x000001d66b66a9e0: 6dc0 4c8b | 75c8 4e8d | 74f5 00c3 | 410f b65d | 0349 83c5 | 0349 ba30 | 112c 45fa | 7f00 0041 
  0x000001d66b66aa00: ff24 da0f | 1f44 0000 
[/MachCode]

---------------  P R O C E S S  ---------------

Threads class SMR info:
_java_thread_list=0x000001d679c293e0, length=11, elements={
0x000001d65f7b30a0, 0x000001d679a71270, 0x000001d679a71f80, 0x000001d679a8ef40,
0x000001d679a8f990, 0x000001d679a903e0, 0x000001d679a92e40, 0x000001d679a945d0,
0x000001d679aa1380, 0x000001d679c455c0, 0x000001d679c461f0
}

Java Threads: ( => current thread )
=>0x000001d65f7b30a0 JavaThread "main"                              [_thread_in_vm, id=268, stack(0x000000b5fa100000,0x000000b5fa200000) (1024K)]
  0x000001d679a71270 JavaThread "Reference Handler"          daemon [_thread_blocked, id=12152, stack(0x000000b5fa900000,0x000000b5faa00000) (1024K)]
  0x000001d679a71f80 JavaThread "Finalizer"                  daemon [_thread_blocked, id=10024, stack(0x000000b5faa00000,0x000000b5fab00000) (1024K)]
  0x000001d679a8ef40 JavaThread "Signal Dispatcher"          daemon [_thread_blocked, id=6952, stack(0x000000b5fab00000,0x000000b5fac00000) (1024K)]
  0x000001d679a8f990 JavaThread "Attach Listener"            daemon [_thread_blocked, id=9512, stack(0x000000b5fac00000,0x000000b5fad00000) (1024K)]
  0x000001d679a903e0 JavaThread "Service Thread"             daemon [_thread_blocked, id=5436, stack(0x000000b5fad00000,0x000000b5fae00000) (1024K)]
  0x000001d679a92e40 JavaThread "Monitor Deflation Thread"   daemon [_thread_blocked, id=13504, stack(0x000000b5fae00000,0x000000b5faf00000) (1024K)]
  0x000001d679a945d0 JavaThread "C2 CompilerThread0"         daemon [_thread_blocked, id=2968, stack(0x000000b5faf00000,0x000000b5fb000000) (1024K)]
  0x000001d679aa1380 JavaThread "C1 CompilerThread0"         daemon [_thread_blocked, id=15040, stack(0x000000b5fb000000,0x000000b5fb100000) (1024K)]
  0x000001d679c455c0 JavaThread "Notification Thread"        daemon [_thread_blocked, id=11764, stack(0x000000b5fb100000,0x000000b5fb200000) (1024K)]
  0x000001d679c461f0 JavaThread "Common-Cleaner"             daemon [_thread_blocked, id=14904, stack(0x000000b5fb200000,0x000000b5fb300000) (1024K)]
Total: 11

Other Threads:
  0x000001d6798a2410 VMThread "VM Thread"                           [id=13192, stack(0x000000b5fa800000,0x000000b5fa900000) (1024K)]
  0x000001d679859740 WatcherThread "VM Periodic Task Thread"        [id=7656, stack(0x000000b5fa700000,0x000000b5fa800000) (1024K)]
  0x000001d65f7ff170 WorkerThread "GC Thread#0"                     [id=13332, stack(0x000000b5fa200000,0x000000b5fa300000) (1024K)]
  0x000001d65f80bee0 ConcurrentGCThread "G1 Main Marker"            [id=14296, stack(0x000000b5fa300000,0x000000b5fa400000) (1024K)]
  0x000001d65f80cb50 WorkerThread "G1 Conc#0"                       [id=8920, stack(0x000000b5fa400000,0x000000b5fa500000) (1024K)]
  0x000001d65f87e980 ConcurrentGCThread "G1 Refine#0"               [id=14792, stack(0x000000b5fa500000,0x000000b5fa600000) (1024K)]
  0x000001d67972ba70 ConcurrentGCThread "G1 Service"                [id=5692, stack(0x000000b5fa600000,0x000000b5fa700000) (1024K)]
Total: 7

Threads with active compile tasks:
Total: 0

VM state: not at safepoint (normal execution)

VM Mutex/Monitor currently owned by a thread:  ([mutex/lock_event])
[0x00007ffa452ab160] Metaspace_lock - owner thread: 0x000001d65f7b30a0

Heap address: 0x0000000742600000, size: 3034 MB, Compressed Oops mode: Zero based, Oop shift amount: 3

CDS archive(s) not mapped
Compressed class space mapped at: 0x0000000800000000-0x0000000840000000, reserved size: 1073741824
Narrow klass base: 0x0000000800000000, Narrow klass shift: 0, Narrow klass range: 0x40000000

GC Precious Log:
 CardTable entry size: 512
 Card Set container configuration: InlinePtr #cards 4 size 8 Array Of Cards #cards 16 size 48 Howl #buckets 8 coarsen threshold 3686 Howl Bitmap #cards 512 size 80 coarsen threshold 460 Card regions per heap region 1 cards per card region 4096
 CPUs: 4 total, 4 available
 Memory: 12131M
 Large Page Support: Disabled
 NUMA Support: Disabled
 Compressed Oops: Enabled (Zero based)
 Heap Region Size: 2M
 Heap Min Capacity: 8M
 Heap Initial Capacity: 190M
 Heap Max Capacity: 3034M
 Pre-touch: Disabled
 Parallel Workers: 4
 Concurrent Workers: 1
 Concurrent Refinement Workers: 4
 Periodic GC: Disabled

Heap:
 garbage-first heap   total 194560K, used 2048K [0x0000000742600000, 0x0000000800000000)
  region size 2048K, 2 young (4096K), 0 survivors (0K)
 Metaspace       used 8804K, committed 8960K, reserved 1114112K
  class space    used 791K, committed 896K, reserved 1048576K

Heap Regions: E=young(eden), S=young(survivor), O=old, HS=humongous(starts), HC=humongous(continues), CS=collection set, F=free, TAMS=top-at-mark-start, PB=parsable bottom
|   0|0x0000000742600000, 0x0000000742600000, 0x0000000742800000|  0%| F|  |TAMS 0x0000000742600000| PB 0x0000000742600000| Untracked 
|   1|0x0000000742800000, 0x0000000742800000, 0x0000000742a00000|  0%| F|  |TAMS 0x0000000742800000| PB 0x0000000742800000| Untracked 
|   2|0x0000000742a00000, 0x0000000742a00000, 0x0000000742c00000|  0%| F|  |TAMS 0x0000000742a00000| PB 0x0000000742a00000| Untracked 
|   3|0x0000000742c00000, 0x0000000742c00000, 0x0000000742e00000|  0%| F|  |TAMS 0x0000000742c00000| PB 0x0000000742c00000| Untracked 
|   4|0x0000000742e00000, 0x0000000742e00000, 0x0000000743000000|  0%| F|  |TAMS 0x0000000742e00000| PB 0x0000000742e00000| Untracked 
|   5|0x0000000743000000, 0x0000000743000000, 0x0000000743200000|  0%| F|  |TAMS 0x0000000743000000| PB 0x0000000743000000| Untracked 
|   6|0x0000000743200000, 0x0000000743200000, 0x0000000743400000|  0%| F|  |TAMS 0x0000000743200000| PB 0x0000000743200000| Untracked 
|   7|0x0000000743400000, 0x0000000743400000, 0x0000000743600000|  0%| F|  |TAMS 0x0000000743400000| PB 0x0000000743400000| Untracked 
|   8|0x0000000743600000, 0x0000000743600000, 0x0000000743800000|  0%| F|  |TAMS 0x0000000743600000| PB 0x0000000743600000| Untracked 
|   9|0x0000000743800000, 0x0000000743800000, 0x0000000743a00000|  0%| F|  |TAMS 0x0000000743800000| PB 0x0000000743800000| Untracked 
|  10|0x0000000743a00000, 0x0000000743a00000, 0x0000000743c00000|  0%| F|  |TAMS 0x0000000743a00000| PB 0x0000000743a00000| Untracked 
|  11|0x0000000743c00000, 0x0000000743c00000, 0x0000000743e00000|  0%| F|  |TAMS 0x0000000743c00000| PB 0x0000000743c00000| Untracked 
|  12|0x0000000743e00000, 0x0000000743e00000, 0x0000000744000000|  0%| F|  |TAMS 0x0000000743e00000| PB 0x0000000743e00000| Untracked 
|  13|0x0000000744000000, 0x0000000744000000, 0x0000000744200000|  0%| F|  |TAMS 0x0000000744000000| PB 0x0000000744000000| Untracked 
|  14|0x0000000744200000, 0x0000000744200000, 0x0000000744400000|  0%| F|  |TAMS 0x0000000744200000| PB 0x0000000744200000| Untracked 
|  15|0x0000000744400000, 0x0000000744400000, 0x0000000744600000|  0%| F|  |TAMS 0x0000000744400000| PB 0x0000000744400000| Untracked 
|  16|0x0000000744600000, 0x0000000744600000, 0x0000000744800000|  0%| F|  |TAMS 0x0000000744600000| PB 0x0000000744600000| Untracked 
|  17|0x0000000744800000, 0x0000000744800000, 0x0000000744a00000|  0%| F|  |TAMS 0x0000000744800000| PB 0x0000000744800000| Untracked 
|  18|0x0000000744a00000, 0x0000000744a00000, 0x0000000744c00000|  0%| F|  |TAMS 0x0000000744a00000| PB 0x0000000744a00000| Untracked 
|  19|0x0000000744c00000, 0x0000000744c00000, 0x0000000744e00000|  0%| F|  |TAMS 0x0000000744c00000| PB 0x0000000744c00000| Untracked 
|  20|0x0000000744e00000, 0x0000000744e00000, 0x0000000745000000|  0%| F|  |TAMS 0x0000000744e00000| PB 0x0000000744e00000| Untracked 
|  21|0x0000000745000000, 0x0000000745000000, 0x0000000745200000|  0%| F|  |TAMS 0x0000000745000000| PB 0x0000000745000000| Untracked 
|  22|0x0000000745200000, 0x0000000745200000, 0x0000000745400000|  0%| F|  |TAMS 0x0000000745200000| PB 0x0000000745200000| Untracked 
|  23|0x0000000745400000, 0x0000000745400000, 0x0000000745600000|  0%| F|  |TAMS 0x0000000745400000| PB 0x0000000745400000| Untracked 
|  24|0x0000000745600000, 0x0000000745600000, 0x0000000745800000|  0%| F|  |TAMS 0x0000000745600000| PB 0x0000000745600000| Untracked 
|  25|0x0000000745800000, 0x0000000745800000, 0x0000000745a00000|  0%| F|  |TAMS 0x0000000745800000| PB 0x0000000745800000| Untracked 
|  26|0x0000000745a00000, 0x0000000745a00000, 0x0000000745c00000|  0%| F|  |TAMS 0x0000000745a00000| PB 0x0000000745a00000| Untracked 
|  27|0x0000000745c00000, 0x0000000745c00000, 0x0000000745e00000|  0%| F|  |TAMS 0x0000000745c00000| PB 0x0000000745c00000| Untracked 
|  28|0x0000000745e00000, 0x0000000745e00000, 0x0000000746000000|  0%| F|  |TAMS 0x0000000745e00000| PB 0x0000000745e00000| Untracked 
|  29|0x0000000746000000, 0x0000000746000000, 0x0000000746200000|  0%| F|  |TAMS 0x0000000746000000| PB 0x0000000746000000| Untracked 
|  30|0x0000000746200000, 0x0000000746200000, 0x0000000746400000|  0%| F|  |TAMS 0x0000000746200000| PB 0x0000000746200000| Untracked 
|  31|0x0000000746400000, 0x0000000746400000, 0x0000000746600000|  0%| F|  |TAMS 0x0000000746400000| PB 0x0000000746400000| Untracked 
|  32|0x0000000746600000, 0x0000000746600000, 0x0000000746800000|  0%| F|  |TAMS 0x0000000746600000| PB 0x0000000746600000| Untracked 
|  33|0x0000000746800000, 0x0000000746800000, 0x0000000746a00000|  0%| F|  |TAMS 0x0000000746800000| PB 0x0000000746800000| Untracked 
|  34|0x0000000746a00000, 0x0000000746a00000, 0x0000000746c00000|  0%| F|  |TAMS 0x0000000746a00000| PB 0x0000000746a00000| Untracked 
|  35|0x0000000746c00000, 0x0000000746c00000, 0x0000000746e00000|  0%| F|  |TAMS 0x0000000746c00000| PB 0x0000000746c00000| Untracked 
|  36|0x0000000746e00000, 0x0000000746e00000, 0x0000000747000000|  0%| F|  |TAMS 0x0000000746e00000| PB 0x0000000746e00000| Untracked 
|  37|0x0000000747000000, 0x0000000747000000, 0x0000000747200000|  0%| F|  |TAMS 0x0000000747000000| PB 0x0000000747000000| Untracked 
|  38|0x0000000747200000, 0x0000000747200000, 0x0000000747400000|  0%| F|  |TAMS 0x0000000747200000| PB 0x0000000747200000| Untracked 
|  39|0x0000000747400000, 0x0000000747400000, 0x0000000747600000|  0%| F|  |TAMS 0x0000000747400000| PB 0x0000000747400000| Untracked 
|  40|0x0000000747600000, 0x0000000747600000, 0x0000000747800000|  0%| F|  |TAMS 0x0000000747600000| PB 0x0000000747600000| Untracked 
|  41|0x0000000747800000, 0x0000000747800000, 0x0000000747a00000|  0%| F|  |TAMS 0x0000000747800000| PB 0x0000000747800000| Untracked 
|  42|0x0000000747a00000, 0x0000000747a00000, 0x0000000747c00000|  0%| F|  |TAMS 0x0000000747a00000| PB 0x0000000747a00000| Untracked 
|  43|0x0000000747c00000, 0x0000000747c00000, 0x0000000747e00000|  0%| F|  |TAMS 0x0000000747c00000| PB 0x0000000747c00000| Untracked 
|  44|0x0000000747e00000, 0x0000000747e00000, 0x0000000748000000|  0%| F|  |TAMS 0x0000000747e00000| PB 0x0000000747e00000| Untracked 
|  45|0x0000000748000000, 0x0000000748000000, 0x0000000748200000|  0%| F|  |TAMS 0x0000000748000000| PB 0x0000000748000000| Untracked 
|  46|0x0000000748200000, 0x0000000748200000, 0x0000000748400000|  0%| F|  |TAMS 0x0000000748200000| PB 0x0000000748200000| Untracked 
|  47|0x0000000748400000, 0x0000000748400000, 0x0000000748600000|  0%| F|  |TAMS 0x0000000748400000| PB 0x0000000748400000| Untracked 
|  48|0x0000000748600000, 0x0000000748600000, 0x0000000748800000|  0%| F|  |TAMS 0x0000000748600000| PB 0x0000000748600000| Untracked 
|  49|0x0000000748800000, 0x0000000748800000, 0x0000000748a00000|  0%| F|  |TAMS 0x0000000748800000| PB 0x0000000748800000| Untracked 
|  50|0x0000000748a00000, 0x0000000748a00000, 0x0000000748c00000|  0%| F|  |TAMS 0x0000000748a00000| PB 0x0000000748a00000| Untracked 
|  51|0x0000000748c00000, 0x0000000748c00000, 0x0000000748e00000|  0%| F|  |TAMS 0x0000000748c00000| PB 0x0000000748c00000| Untracked 
|  52|0x0000000748e00000, 0x0000000748e00000, 0x0000000749000000|  0%| F|  |TAMS 0x0000000748e00000| PB 0x0000000748e00000| Untracked 
|  53|0x0000000749000000, 0x0000000749000000, 0x0000000749200000|  0%| F|  |TAMS 0x0000000749000000| PB 0x0000000749000000| Untracked 
|  54|0x0000000749200000, 0x0000000749200000, 0x0000000749400000|  0%| F|  |TAMS 0x0000000749200000| PB 0x0000000749200000| Untracked 
|  55|0x0000000749400000, 0x0000000749400000, 0x0000000749600000|  0%| F|  |TAMS 0x0000000749400000| PB 0x0000000749400000| Untracked 
|  56|0x0000000749600000, 0x0000000749600000, 0x0000000749800000|  0%| F|  |TAMS 0x0000000749600000| PB 0x0000000749600000| Untracked 
|  57|0x0000000749800000, 0x0000000749800000, 0x0000000749a00000|  0%| F|  |TAMS 0x0000000749800000| PB 0x0000000749800000| Untracked 
|  58|0x0000000749a00000, 0x0000000749a00000, 0x0000000749c00000|  0%| F|  |TAMS 0x0000000749a00000| PB 0x0000000749a00000| Untracked 
|  59|0x0000000749c00000, 0x0000000749c00000, 0x0000000749e00000|  0%| F|  |TAMS 0x0000000749c00000| PB 0x0000000749c00000| Untracked 
|  60|0x0000000749e00000, 0x0000000749e00000, 0x000000074a000000|  0%| F|  |TAMS 0x0000000749e00000| PB 0x0000000749e00000| Untracked 
|  61|0x000000074a000000, 0x000000074a000000, 0x000000074a200000|  0%| F|  |TAMS 0x000000074a000000| PB 0x000000074a000000| Untracked 
|  62|0x000000074a200000, 0x000000074a200000, 0x000000074a400000|  0%| F|  |TAMS 0x000000074a200000| PB 0x000000074a200000| Untracked 
|  63|0x000000074a400000, 0x000000074a400000, 0x000000074a600000|  0%| F|  |TAMS 0x000000074a400000| PB 0x000000074a400000| Untracked 
|  64|0x000000074a600000, 0x000000074a600000, 0x000000074a800000|  0%| F|  |TAMS 0x000000074a600000| PB 0x000000074a600000| Untracked 
|  65|0x000000074a800000, 0x000000074a800000, 0x000000074aa00000|  0%| F|  |TAMS 0x000000074a800000| PB 0x000000074a800000| Untracked 
|  66|0x000000074aa00000, 0x000000074aa00000, 0x000000074ac00000|  0%| F|  |TAMS 0x000000074aa00000| PB 0x000000074aa00000| Untracked 
|  67|0x000000074ac00000, 0x000000074ac00000, 0x000000074ae00000|  0%| F|  |TAMS 0x000000074ac00000| PB 0x000000074ac00000| Untracked 
|  68|0x000000074ae00000, 0x000000074ae00000, 0x000000074b000000|  0%| F|  |TAMS 0x000000074ae00000| PB 0x000000074ae00000| Untracked 
|  69|0x000000074b000000, 0x000000074b000000, 0x000000074b200000|  0%| F|  |TAMS 0x000000074b000000| PB 0x000000074b000000| Untracked 
|  70|0x000000074b200000, 0x000000074b200000, 0x000000074b400000|  0%| F|  |TAMS 0x000000074b200000| PB 0x000000074b200000| Untracked 
|  71|0x000000074b400000, 0x000000074b400000, 0x000000074b600000|  0%| F|  |TAMS 0x000000074b400000| PB 0x000000074b400000| Untracked 
|  72|0x000000074b600000, 0x000000074b600000, 0x000000074b800000|  0%| F|  |TAMS 0x000000074b600000| PB 0x000000074b600000| Untracked 
|  73|0x000000074b800000, 0x000000074b800000, 0x000000074ba00000|  0%| F|  |TAMS 0x000000074b800000| PB 0x000000074b800000| Untracked 
|  74|0x000000074ba00000, 0x000000074ba00000, 0x000000074bc00000|  0%| F|  |TAMS 0x000000074ba00000| PB 0x000000074ba00000| Untracked 
|  75|0x000000074bc00000, 0x000000074bc00000, 0x000000074be00000|  0%| F|  |TAMS 0x000000074bc00000| PB 0x000000074bc00000| Untracked 
|  76|0x000000074be00000, 0x000000074be00000, 0x000000074c000000|  0%| F|  |TAMS 0x000000074be00000| PB 0x000000074be00000| Untracked 
|  77|0x000000074c000000, 0x000000074c000000, 0x000000074c200000|  0%| F|  |TAMS 0x000000074c000000| PB 0x000000074c000000| Untracked 
|  78|0x000000074c200000, 0x000000074c200000, 0x000000074c400000|  0%| F|  |TAMS 0x000000074c200000| PB 0x000000074c200000| Untracked 
|  79|0x000000074c400000, 0x000000074c400000, 0x000000074c600000|  0%| F|  |TAMS 0x000000074c400000| PB 0x000000074c400000| Untracked 
|  80|0x000000074c600000, 0x000000074c600000, 0x000000074c800000|  0%| F|  |TAMS 0x000000074c600000| PB 0x000000074c600000| Untracked 
|  81|0x000000074c800000, 0x000000074c800000, 0x000000074ca00000|  0%| F|  |TAMS 0x000000074c800000| PB 0x000000074c800000| Untracked 
|  82|0x000000074ca00000, 0x000000074ca00000, 0x000000074cc00000|  0%| F|  |TAMS 0x000000074ca00000| PB 0x000000074ca00000| Untracked 
|  83|0x000000074cc00000, 0x000000074cc00000, 0x000000074ce00000|  0%| F|  |TAMS 0x000000074cc00000| PB 0x000000074cc00000| Untracked 
|  84|0x000000074ce00000, 0x000000074ce00000, 0x000000074d000000|  0%| F|  |TAMS 0x000000074ce00000| PB 0x000000074ce00000| Untracked 
|  85|0x000000074d000000, 0x000000074d000000, 0x000000074d200000|  0%| F|  |TAMS 0x000000074d000000| PB 0x000000074d000000| Untracked 
|  86|0x000000074d200000, 0x000000074d200000, 0x000000074d400000|  0%| F|  |TAMS 0x000000074d200000| PB 0x000000074d200000| Untracked 
|  87|0x000000074d400000, 0x000000074d400000, 0x000000074d600000|  0%| F|  |TAMS 0x000000074d400000| PB 0x000000074d400000| Untracked 
|  88|0x000000074d600000, 0x000000074d600000, 0x000000074d800000|  0%| F|  |TAMS 0x000000074d600000| PB 0x000000074d600000| Untracked 
|  89|0x000000074d800000, 0x000000074d800000, 0x000000074da00000|  0%| F|  |TAMS 0x000000074d800000| PB 0x000000074d800000| Untracked 
|  90|0x000000074da00000, 0x000000074da00000, 0x000000074dc00000|  0%| F|  |TAMS 0x000000074da00000| PB 0x000000074da00000| Untracked 
|  91|0x000000074dc00000, 0x000000074dc00000, 0x000000074de00000|  0%| F|  |TAMS 0x000000074dc00000| PB 0x000000074dc00000| Untracked 
|  92|0x000000074de00000, 0x000000074de00000, 0x000000074e000000|  0%| F|  |TAMS 0x000000074de00000| PB 0x000000074de00000| Untracked 
|  93|0x000000074e000000, 0x000000074e175e88, 0x000000074e200000| 73%| E|  |TAMS 0x000000074e000000| PB 0x000000074e000000| Complete 
|  94|0x000000074e200000, 0x000000074e400000, 0x000000074e400000|100%| E|CS|TAMS 0x000000074e200000| PB 0x000000074e200000| Complete 

Card table byte_map: [0x000001d673d40000,0x000001d674330000] _byte_map_base: 0x000001d67032d000

Marking Bits: (CMBitMap*) 0x000001d65f7ff870
 Bits: [0x000001d674330000, 0x000001d677298000)

Polling page: 0x000001d65f5a0000

Metaspace:

Usage:
  Non-class:      7.83 MB used.
      Class:    791.98 KB used.
       Both:      8.60 MB used.

Virtual space:
  Non-class space:       64.00 MB reserved,       7.88 MB ( 12%) committed,  1 nodes.
      Class space:        1.00 GB reserved,     896.00 KB ( <1%) committed,  1 nodes.
             Both:        1.06 GB reserved,       8.75 MB ( <1%) committed. 

Chunk freelists:
   Non-Class:  8.03 MB
       Class:  15.11 MB
        Both:  23.14 MB

MaxMetaspaceSize: unlimited
CompressedClassSpaceSize: 1.00 GB
Initial GC threshold: 21.00 MB
Current GC threshold: 21.00 MB
CDS: off
 - commit_granule_bytes: 65536.
 - commit_granule_words: 8192.
 - virtual_space_node_default_size: 8388608.
 - enlarge_chunks_in_place: 1.
 - use_allocation_guard: 0.


Internal statistics:

num_allocs_failed_limit: 0.
num_arena_births: 10.
num_arena_deaths: 0.
num_vsnodes_births: 2.
num_vsnodes_deaths: 0.
num_space_committed: 140.
num_space_uncommitted: 0.
num_chunks_returned_to_freelist: 0.
num_chunks_taken_from_freelist: 39.
num_chunk_merges: 0.
num_chunk_splits: 17.
num_chunks_enlarged: 11.
num_inconsistent_stats: 0.

CodeHeap 'non-profiled nmethods': size=120000Kb used=84Kb max_used=84Kb free=119915Kb
 bounds [0x000001d66bbf0000, 0x000001d66be60000, 0x000001d673120000]
CodeHeap 'profiled nmethods': size=120000Kb used=381Kb max_used=381Kb free=119618Kb
 bounds [0x000001d664120000, 0x000001d664390000, 0x000001d66b650000]
CodeHeap 'non-nmethods': size=5760Kb used=1311Kb max_used=1317Kb free=4449Kb
 bounds [0x000001d66b650000, 0x000001d66b8c0000, 0x000001d66bbf0000]
 total_blobs=716 nmethods=276 adapters=345
 compilation: enabled
              stopped_count=0, restarted_count=0
 full_count=0

Compilation events (20 events):
Event: 0.423 Thread 0x000001d679a945d0 nmethod 263 0x000001d66bc04090 code [0x000001d66bc04220, 0x000001d66bc04370]
Event: 0.423 Thread 0x000001d679a945d0  269       4       java.lang.AbstractStringBuilder::ensureCapacityInternal (39 bytes)
Event: 0.424 Thread 0x000001d679aa1380 nmethod 266 0x000001d66417a110 code [0x000001d66417a4a0, 0x000001d66417bef8]
Event: 0.424 Thread 0x000001d679aa1380  268       3       java.util.Collections::emptyIterator (4 bytes)
Event: 0.424 Thread 0x000001d679aa1380 nmethod 268 0x000001d66417c610 code [0x000001d66417c7a0, 0x000001d66417c898]
Event: 0.424 Thread 0x000001d679aa1380  267       3       java.security.Provider::getEngineName (49 bytes)
Event: 0.425 Thread 0x000001d679aa1380 nmethod 267 0x000001d66417c910 code [0x000001d66417cb40, 0x000001d66417d398]
Event: 0.425 Thread 0x000001d679aa1380  271       3       java.lang.String::equalsIgnoreCase (45 bytes)
Event: 0.425 Thread 0x000001d679aa1380 nmethod 271 0x000001d66417d610 code [0x000001d66417d800, 0x000001d66417dd38]
Event: 0.425 Thread 0x000001d679aa1380  272       3       jdk.internal.util.Preconditions::checkFromToIndex (24 bytes)
Event: 0.426 Thread 0x000001d679aa1380 nmethod 272 0x000001d66417df10 code [0x000001d66417e0c0, 0x000001d66417e288]
Event: 0.427 Thread 0x000001d679a945d0 nmethod 269 0x000001d66bc04410 code [0x000001d66bc045c0, 0x000001d66bc04ad0]
Event: 0.427 Thread 0x000001d679a945d0  270       4       java.lang.CharacterDataLatin1::toLowerCase (44 bytes)
Event: 0.428 Thread 0x000001d679a945d0 nmethod 270 0x000001d66bc04c90 code [0x000001d66bc04e20, 0x000001d66bc04ee0]
Event: 0.443 Thread 0x000001d679aa1380  274       3       java.lang.invoke.MethodType::parameterCount (6 bytes)
Event: 0.443 Thread 0x000001d679aa1380 nmethod 274 0x000001d66417e390 code [0x000001d66417e520, 0x000001d66417e638]
Event: 0.443 Thread 0x000001d679aa1380  275       3       java.lang.invoke.MethodType::checkSlotCount (33 bytes)
Event: 0.444 Thread 0x000001d679aa1380 nmethod 275 0x000001d66417e710 code [0x000001d66417e940, 0x000001d66417ef68]
Event: 0.444 Thread 0x000001d679aa1380  276       3       java.util.regex.Pattern::has (15 bytes)
Event: 0.444 Thread 0x000001d679aa1380 nmethod 276 0x000001d66417f210 code [0x000001d66417f3a0, 0x000001d66417f508]

GC Heap History (0 events):
No events

Dll operation events (2 events):
Event: 0.008 Loaded shared library C:\Program Files\Android\Android Studio\jbr\bin\java.dll
Event: 0.020 Loaded shared library C:\Program Files\Android\Android Studio\jbr\bin\zip.dll

Deoptimization events (4 events):
Event: 0.442 Thread 0x000001d65f7b30a0 Uncommon trap: trap_request=0xffffff45 fr.pc=0x000001d66bc04e9c relative=0x000000000000007c
Event: 0.442 Thread 0x000001d65f7b30a0 Uncommon trap: reason=unstable_if action=reinterpret pc=0x000001d66bc04e9c method=java.lang.CharacterDataLatin1.toLowerCase(I)I @ 16 c2
Event: 0.442 Thread 0x000001d65f7b30a0 DEOPT PACKING pc=0x000001d66bc04e9c sp=0x000000b5fa1faf20
Event: 0.442 Thread 0x000001d65f7b30a0 DEOPT UNPACKING pc=0x000001d66b6a46a2 sp=0x000000b5fa1faeb0 mode 2

Classes loaded (20 events):
Event: 0.449 Loading class sun/nio/ch/Streams done
Event: 0.449 Loading class sun/nio/ch/SocketChannelImpl
Event: 0.449 Loading class sun/nio/ch/SelChImpl
Event: 0.449 Loading class sun/nio/ch/SelChImpl done
Event: 0.449 Loading class java/nio/channels/SocketChannel
Event: 0.449 Loading class java/nio/channels/NetworkChannel
Event: 0.449 Loading class java/nio/channels/NetworkChannel done
Event: 0.449 Loading class java/nio/channels/spi/AbstractSelectableChannel
Event: 0.450 Loading class java/nio/channels/SelectableChannel
Event: 0.450 Loading class java/nio/channels/SelectableChannel done
Event: 0.450 Loading class java/nio/channels/spi/AbstractSelectableChannel done
Event: 0.450 Loading class java/nio/channels/SocketChannel done
Event: 0.450 Loading class sun/nio/ch/SocketChannelImpl done
Event: 0.450 Loading class sun/nio/ch/ChannelInputStream
Event: 0.450 Loading class sun/nio/ch/ChannelInputStream done
Event: 0.450 Loading class javax/crypto/CryptoPermissions
Event: 0.450 Loading class javax/crypto/CryptoPermissions done
Event: 0.450 Loading class javax/crypto/CryptoPolicyParser
Event: 0.450 Loading class javax/crypto/CryptoPolicyParser done
Event: 0.450 Loading class java/util/Vector

Classes unloaded (0 events):
No events

Classes redefined (0 events):
No events

Internal exceptions (1 events):
Event: 0.425 Thread 0x000001d65f7b30a0 Exception <a 'sun/nio/fs/WindowsException'{0x000000074e14d8e8}> (0x000000074e14d8e8) 
thrown [s\src\hotspot\share\prims\jni.cpp, line 535]

ZGC Phase Switch (0 events):
No events

VM Operations (4 events):
Event: 0.230 Executing VM operation: HandshakeAllThreads (Deoptimize)
Event: 0.230 Executing VM operation: HandshakeAllThreads (Deoptimize) done
Event: 0.250 Executing VM operation: HandshakeAllThreads (Deoptimize)
Event: 0.250 Executing VM operation: HandshakeAllThreads (Deoptimize) done

Memory protections (0 events):
No events

Nmethod flushes (0 events):
No events

Events (15 events):
Event: 0.013 Thread 0x000001d65f7b30a0 Thread added: 0x000001d65f7b30a0
Event: 0.070 Thread 0x000001d65f7b30a0 Thread added: 0x000001d679a71270
Event: 0.070 Thread 0x000001d65f7b30a0 Thread added: 0x000001d679a71f80
Event: 0.072 Thread 0x000001d65f7b30a0 Thread added: 0x000001d679a8ef40
Event: 0.072 Thread 0x000001d65f7b30a0 Thread added: 0x000001d679a8f990
Event: 0.072 Thread 0x000001d65f7b30a0 Thread added: 0x000001d679a903e0
Event: 0.072 Thread 0x000001d65f7b30a0 Thread added: 0x000001d679a92e40
Event: 0.072 Thread 0x000001d65f7b30a0 Thread added: 0x000001d679a945d0
Event: 0.072 Thread 0x000001d65f7b30a0 Thread added: 0x000001d679aa1380
Event: 0.133 Thread 0x000001d65f7b30a0 Thread added: 0x000001d679c455c0
Event: 0.138 Thread 0x000001d65f7b30a0 Thread added: 0x000001d679c461f0
Event: 0.156 Loaded shared library C:\Program Files\Android\Android Studio\jbr\bin\net.dll
Event: 0.171 Loaded shared library C:\Program Files\Android\Android Studio\jbr\bin\nio.dll
Event: 0.192 Loaded shared library C:\Program Files\Android\Android Studio\jbr\bin\zip.dll
Event: 0.330 Loaded shared library C:\Program Files\Android\Android Studio\jbr\bin\jimage.dll


Dynamic libraries:
0x00007ff691b90000 - 0x00007ff691b9a000 	C:\Program Files\Android\Android Studio\jbr\bin\java.exe
0x00007ffab3a30000 - 0x00007ffab3c28000 	C:\Windows\SYSTEM32\ntdll.dll
0x00007ffab1b90000 - 0x00007ffab1c52000 	C:\Windows\System32\KERNEL32.DLL
0x00007ffab1430000 - 0x00007ffab1726000 	C:\Windows\System32\KERNELBASE.dll
0x00007ffab1150000 - 0x00007ffab1250000 	C:\Windows\System32\ucrtbase.dll
0x00007ffa86550000 - 0x00007ffa86568000 	C:\Program Files\Android\Android Studio\jbr\bin\jli.dll
0x00007ffa87530000 - 0x00007ffa8754b000 	C:\Program Files\Android\Android Studio\jbr\bin\VCRUNTIME140.dll
0x00007ffab31e0000 - 0x00007ffab337d000 	C:\Windows\System32\USER32.dll
0x00007ffab1920000 - 0x00007ffab1942000 	C:\Windows\System32\win32u.dll
0x00007ffa99190000 - 0x00007ffa9942a000 	C:\Windows\WinSxS\amd64_microsoft.windows.common-controls_6595b64144ccf1df_6.0.19041.4355_none_60b8b9eb71f62e16\COMCTL32.dll
0x00007ffab27c0000 - 0x00007ffab27eb000 	C:\Windows\System32\GDI32.dll
0x00007ffab1c60000 - 0x00007ffab1cfe000 	C:\Windows\System32\msvcrt.dll
0x00007ffab1760000 - 0x00007ffab187a000 	C:\Windows\System32\gdi32full.dll
0x00007ffab1880000 - 0x00007ffab191d000 	C:\Windows\System32\msvcp_win.dll
0x00007ffab2510000 - 0x00007ffab253f000 	C:\Windows\System32\IMM32.DLL
0x00007ffaa20b0000 - 0x00007ffaa20bc000 	C:\Program Files\Android\Android Studio\jbr\bin\vcruntime140_1.dll
0x00007ffa78060000 - 0x00007ffa780ed000 	C:\Program Files\Android\Android Studio\jbr\bin\msvcp140.dll
0x00007ffa44700000 - 0x00007ffa4538a000 	C:\Program Files\Android\Android Studio\jbr\bin\server\jvm.dll
0x00007ffab35a0000 - 0x00007ffab364f000 	C:\Windows\System32\ADVAPI32.dll
0x00007ffab3380000 - 0x00007ffab341f000 	C:\Windows\System32\sechost.dll
0x00007ffab3840000 - 0x00007ffab3963000 	C:\Windows\System32\RPCRT4.dll
0x00007ffab1730000 - 0x00007ffab1757000 	C:\Windows\System32\bcrypt.dll
0x00007ffab3420000 - 0x00007ffab348b000 	C:\Windows\System32\WS2_32.dll
0x00007ffab0aa0000 - 0x00007ffab0aeb000 	C:\Windows\SYSTEM32\POWRPROF.dll
0x00007ffa99430000 - 0x00007ffa99457000 	C:\Windows\SYSTEM32\WINMM.dll
0x00007ffaaef70000 - 0x00007ffaaef7a000 	C:\Windows\SYSTEM32\VERSION.dll
0x00007ffab0a80000 - 0x00007ffab0a92000 	C:\Windows\SYSTEM32\UMPDC.dll
0x00007ffaaf8e0000 - 0x00007ffaaf8f2000 	C:\Windows\SYSTEM32\kernel.appcore.dll
0x00007ffa88f00000 - 0x00007ffa88f0a000 	C:\Program Files\Android\Android Studio\jbr\bin\jimage.dll
0x00007ffa99460000 - 0x00007ffa99644000 	C:\Windows\SYSTEM32\DBGHELP.DLL
0x00007ffa8e080000 - 0x00007ffa8e0b4000 	C:\Windows\SYSTEM32\dbgcore.DLL
0x00007ffab10c0000 - 0x00007ffab1142000 	C:\Windows\System32\bcryptPrimitives.dll
0x00007ffa760c0000 - 0x00007ffa760e0000 	C:\Program Files\Android\Android Studio\jbr\bin\java.dll
0x00007ffa89220000 - 0x00007ffa89238000 	C:\Program Files\Android\Android Studio\jbr\bin\zip.dll
0x00007ffab1d10000 - 0x00007ffab247f000 	C:\Windows\System32\SHELL32.dll
0x00007ffaaf120000 - 0x00007ffaaf8c3000 	C:\Windows\SYSTEM32\windows.storage.dll
0x00007ffab2db0000 - 0x00007ffab3105000 	C:\Windows\System32\combase.dll
0x00007ffab0af0000 - 0x00007ffab0b1b000 	C:\Windows\SYSTEM32\Wldp.dll
0x00007ffab3110000 - 0x00007ffab31dd000 	C:\Windows\System32\OLEAUT32.dll
0x00007ffab3490000 - 0x00007ffab353d000 	C:\Windows\System32\SHCORE.dll
0x00007ffab1a50000 - 0x00007ffab1aa5000 	C:\Windows\System32\shlwapi.dll
0x00007ffab0ff0000 - 0x00007ffab1015000 	C:\Windows\SYSTEM32\profapi.dll
0x00007ffa7d720000 - 0x00007ffa7d730000 	C:\Program Files\Android\Android Studio\jbr\bin\net.dll
0x00007ffaaee60000 - 0x00007ffaaef6a000 	C:\Windows\SYSTEM32\WINHTTP.dll
0x00007ffab0780000 - 0x00007ffab07ec000 	C:\Windows\system32\mswsock.dll
0x00007ffa752b0000 - 0x00007ffa752c6000 	C:\Program Files\Android\Android Studio\jbr\bin\nio.dll

dbghelp: loaded successfully - version: 4.0.5 - missing functions: none
symbol engine: initialized successfully - sym options: 0x614 - pdb path: .;C:\Program Files\Android\Android Studio\jbr\bin;C:\Windows\SYSTEM32;C:\Windows\WinSxS\amd64_microsoft.windows.common-controls_6595b64144ccf1df_6.0.19041.4355_none_60b8b9eb71f62e16;C:\Program Files\Android\Android Studio\jbr\bin\server

VM Arguments:
java_command: git4idea.http.GitAskPassApp Username for 'https://github.com': 
java_class_path (initial): C:/Program Files/Android/Android Studio/plugins/vcs-git/lib/git4idea-rt.jar;C:/Program Files/Android/Android Studio/lib/externalProcess-rt.jar
Launcher Type: SUN_STANDARD

[Global flags]
     intx CICompilerCount                          = 3                                         {product} {ergonomic}
     uint ConcGCThreads                            = 1                                         {product} {ergonomic}
     uint G1ConcRefinementThreads                  = 4                                         {product} {ergonomic}
   size_t G1HeapRegionSize                         = 2097152                                   {product} {ergonomic}
    uintx GCDrainStackTargetSize                   = 64                                        {product} {ergonomic}
   size_t InitialHeapSize                          = 199229440                                 {product} {ergonomic}
   size_t MarkStackSize                            = 4194304                                   {product} {ergonomic}
   size_t MaxHeapSize                              = 3181379584                                {product} {ergonomic}
   size_t MaxNewSize                               = 1908408320                                {product} {ergonomic}
   size_t MinHeapDeltaBytes                        = 2097152                                   {product} {ergonomic}
   size_t MinHeapSize                              = 8388608                                   {product} {ergonomic}
    uintx NonNMethodCodeHeapSize                   = 5832780                                {pd product} {ergonomic}
    uintx NonProfiledCodeHeapSize                  = 122912730                              {pd product} {ergonomic}
    uintx ProfiledCodeHeapSize                     = 122912730                              {pd product} {ergonomic}
    uintx ReservedCodeCacheSize                    = 251658240                              {pd product} {ergonomic}
     bool SegmentedCodeCache                       = true                                      {product} {ergonomic}
   size_t SoftMaxHeapSize                          = 3181379584                             {manageable} {ergonomic}
     bool UseCompressedOops                        = true                           {product lp64_product} {ergonomic}
     bool UseG1GC                                  = true                                      {product} {ergonomic}
     bool UseLargePagesIndividualAllocation        = false                                  {pd product} {ergonomic}

Logging:
Log output configuration:
 #0: stdout all=warning uptime,level,tags foldmultilines=false
 #1: stderr all=off uptime,level,tags foldmultilines=false

Environment Variables:
PATH=C:/Program Files/Git/mingw64/libexec/git-core;C:/Program Files/Git/mingw64/libexec/git-core;C:\Program Files\Git\mingw64\bin;C:\Program Files\Git\usr\bin;C:\Users\Deon\bin;C:\Program Files\Common Files\Oracle\Java\javapath;C:\Windows\system32;C:\Windows;C:\Windows\System32\Wbem;C:\Windows\System32\WindowsPowerShell\v1.0\;C:\Windows\System32\OpenSSH\;C:\Program Files\nodejs\;C:\ProgramData\chocolatey\bin;C:\Program Files\Git\cmd;C:\Program Files\Java\jdk-24\bin;C:\Program Files\Amazon\AWSCLIV2\;C:\Users\Deon\AppData\Roaming\Microsoft\Windows\Start Menu\Programs\Python 3.13;C:\Users\Deon\AppData\Local\Programs\Python\Python313\Scripts\;C:\Users\Deon\AppData\Local\Programs\Python\Python313\;C:\Users\Deon\AppData\Local\Microsoft\WindowsApps;C:\Users\Deon\AppData\Local\Programs\Microsoft VS Code\bin;C:\Users\Deon\AppData\Roaming\npm
USERNAME=Deon
DISPLAY=:0.0
LC_ALL=en_US.UTF-8
TERM=xterm-256color
TMPDIR=C:\Users\Deon\AppData\Local\Temp
OS=Windows_NT
PROCESSOR_IDENTIFIER=Intel64 Family 6 Model 78 Stepping 3, GenuineIntel
TMP=C:\Users\Deon\AppData\Local\Temp
TEMP=C:\Users\Deon\AppData\Local\Temp




Periodic native trim disabled

JNI global refs:
JNI global refs: 7, weak refs: 0

JNI global refs memory usage: 835, weak refs: 201

Process memory usage:
Resident Set Size: 41976K (0% of 12422192K total physical memory with 624096K free physical memory)

OOME stack traces (most recent first):
Classloader memory used:
Loader bootstrap                                                                       : 8696K
Loader jdk.internal.loader.ClassLoaders$PlatformClassLoader                            : 94800B
Loader jdk.internal.loader.ClassLoaders$AppClassLoader                                 : 16400B

---------------  S Y S T E M  ---------------

OS:
 Windows 10 , 64 bit Build 19041 (10.0.19041.5678)
OS uptime: 0 days 3:51 hours

CPU: total 4 (initial active 4) (2 cores per cpu, 2 threads per core) family 6 model 78 stepping 3 microcode 0xf0, cx8, cmov, fxsr, ht, mmx, 3dnowpref, sse, sse2, sse3, ssse3, sse4.1, sse4.2, popcnt, lzcnt, tsc, tscinvbit, avx, avx2, aes, erms, clmul, bmi1, bmi2, rtm, adx, fma, vzeroupper, clflush, clflushopt, rdtscp, f16c
Processor Information for all 4 processors :
  Max Mhz: 2496, Current Mhz: 2396, Mhz Limit: 2396

Memory: 4k page, system-wide physical 12131M (609M free)
TotalPageFile size 15868M (AvailPageFile size 9M)
current process WorkingSet (physical memory assigned to process): 41M, peak: 41M
current process commit charge ("private bytes"): 262M, peak: 263M

vm_info: OpenJDK 64-Bit Server VM (21.0.5+-13047016-b750.29) for windows-amd64 JRE (21.0.5+-13047016-b750.29), built on 2025-02-11T21:12:39Z by "builder" with MS VC++ 16.10 / 16.11 (VS2019)

END.
