#
# There is insufficient memory for the Java Runtime Environment to continue.
# Native memory allocation (mmap) failed to map 199229440 bytes. Error detail: G1 virtual space
# Possible reasons:
#   The system is out of physical RAM or swap space
#   This process is running with CompressedOops enabled, and the Java Heap may be blocking the growth of the native heap
# Possible solutions:
#   Reduce memory load on the system
#   Increase physical memory or swap space
#   Check if swap backing store is full
#   Decrease Java heap size (-Xmx/-Xms)
#   Decrease number of Java threads
#   Decrease Java thread stack sizes (-Xss)
#   Set larger code cache with -XX:ReservedCodeCacheSize=
#   JVM is running with Zero Based Compressed Oops mode in which the Java heap is
#     placed in the first 32GB address space. The Java Heap base address is the
#     maximum limit for the native heap growth. Please use -XX:HeapBaseMinAddress
#     to set the Java Heap base and to place the Java Heap above 32GB virtual address.
# This output file may be truncated or incomplete.
#
#  Out of Memory Error (os_windows.cpp:3828), pid=14228, tid=16836
#
# JRE version:  (21.0.5) (build )
# Java VM: OpenJDK 64-Bit Server VM (21.0.5+-13047016-b750.29, mixed mode, sharing, tiered, compressed oops, compressed class ptrs, g1 gc, windows-amd64)
# No core dump will be written. Minidumps are not enabled by default on client versions of Windows
#

---------------  S U M M A R Y ------------

Command Line: git4idea.http.GitAskPassApp Username for 'https://github.com': 

Host: Intel(R) Core(TM) i5-6300U CPU @ 2.40GHz, 4 cores, 11G,  Windows 10 , 64 bit Build 19041 (10.0.19041.5678)
Time: Sat May 10 05:18:54 2025 Namibia Standard Time elapsed time: 0.018005 seconds (0d 0h 0m 0s)

---------------  T H R E A D  ---------------

Current thread (0x0000020a9f915da0):  JavaThread "Unknown thread" [_thread_in_vm, id=16836, stack(0x0000006a63800000,0x0000006a63900000) (1024K)]

Stack: [0x0000006a63800000,0x0000006a63900000]
Native frames: (J=compiled Java code, j=interpreted, Vv=VM code, C=native code)
V  [jvm.dll+0x6cfb29]
V  [jvm.dll+0x85df93]
V  [jvm.dll+0x8604ee]
V  [jvm.dll+0x860bd3]
V  [jvm.dll+0x27e6b6]
V  [jvm.dll+0x6cc385]
V  [jvm.dll+0x6c078a]
V  [jvm.dll+0x35525b]
V  [jvm.dll+0x35ceb6]
V  [jvm.dll+0x3aedd6]
V  [jvm.dll+0x3af0a8]
V  [jvm.dll+0x32792c]
V  [jvm.dll+0x32861b]
V  [jvm.dll+0x8259d9]
V  [jvm.dll+0x3bbfa8]
V  [jvm.dll+0x80ec88]
V  [jvm.dll+0x45015e]
V  [jvm.dll+0x4518c1]
C  [jli.dll+0x52ab]
C  [ucrtbase.dll+0x21bb2]
C  [KERNEL32.DLL+0x17374]
C  [ntdll.dll+0x4cc91]


---------------  P R O C E S S  ---------------

Threads class SMR info:
_java_thread_list=0x00007ffd2da30808, length=0, elements={
}

Java Threads: ( => current thread )
Total: 0

Other Threads:
  0x0000020aa1b501f0 WorkerThread "GC Thread#0"                     [id=12444, stack(0x0000006a63900000,0x0000006a63a00000) (1024K)]
  0x0000020aa1b5d0d0 ConcurrentGCThread "G1 Main Marker"            [id=16032, stack(0x0000006a63a00000,0x0000006a63b00000) (1024K)]
  0x0000020aa1b5dbd0 WorkerThread "G1 Conc#0"                       [id=16944, stack(0x0000006a63b00000,0x0000006a63c00000) (1024K)]

[error occurred during error reporting (printing all threads), id 0xc0000005, EXCEPTION_ACCESS_VIOLATION (0xc0000005) at pc=0x00007ffd2d22a967]
VM state: not at safepoint (not fully initialized)

VM Mutex/Monitor currently owned by a thread:  ([mutex/lock_event])
[0x00007ffd2da9d460] Heap_lock - owner thread: 0x0000020a9f915da0

Heap address: 0x0000000742600000, size: 3034 MB, Compressed Oops mode: Zero based, Oop shift amount: 3

CDS archive(s) mapped at: [0x0000000000000000-0x0000000000000000-0x0000000000000000), size 0, SharedBaseAddress: 0x0000000800000000, ArchiveRelocationMode: 1.
Narrow klass base: 0x0000000000000000, Narrow klass shift: 0, Narrow klass range: 0x0

GC Precious Log:
 CardTable entry size: 512
 Card Set container configuration: InlinePtr #cards 4 size 8 Array Of Cards #cards 16 size 48 Howl #buckets 8 coarsen threshold 3686 Howl Bitmap #cards 512 size 80 coarsen threshold 460 Card regions per heap region 1 cards per card region 4096

Heap:
 garbage-first heap   total 0K, used 0K [0x0000000742600000, 0x0000000800000000)
  region size 2048K, 0 young (0K), 0 survivors (0K)
 Metaspace       used 0K, committed 0K, reserved 0K
  class space    used 0K, committed 0K, reserved 0K

Heap Regions: E=young(eden), S=young(survivor), O=old, HS=humongous(starts), HC=humongous(continues), CS=collection set, F=free, TAMS=top-at-mark-start, PB=parsable bottom

Card table byte_map: [0x0000020ab4250000,0x0000020ab4840000] _byte_map_base: 0x0000020ab083d000

Marking Bits: (CMBitMap*) 0x0000020aa1b508f0
 Bits: [0x0000020ab4840000, 0x0000020ab77a8000)

GC Heap History (0 events):
No events

Dll operation events (1 events):
Event: 0.011 Loaded shared library C:\Program Files\Android\Android Studio\jbr\bin\java.dll

Deoptimization events (0 events):
No events

Classes loaded (0 events):
No events

Classes unloaded (0 events):
No events

Classes redefined (0 events):
No events

Internal exceptions (0 events):
No events

ZGC Phase Switch (0 events):
No events

VM Operations (0 events):
No events

Memory protections (0 events):
No events

Nmethod flushes (0 events):
No events

Events (0 events):
No events


Dynamic libraries:
0x00007ff7fbc50000 - 0x00007ff7fbc5a000 	C:\Program Files\Android\Android Studio\jbr\bin\java.exe
0x00007ffdddc30000 - 0x00007ffddde28000 	C:\Windows\SYSTEM32\ntdll.dll
0x00007ffddd380000 - 0x00007ffddd442000 	C:\Windows\System32\KERNEL32.DLL
0x00007ffddb950000 - 0x00007ffddbc46000 	C:\Windows\System32\KERNELBASE.dll
0x00007ffddb560000 - 0x00007ffddb660000 	C:\Windows\System32\ucrtbase.dll
0x00007ffdb46b0000 - 0x00007ffdb46cb000 	C:\Program Files\Android\Android Studio\jbr\bin\VCRUNTIME140.dll
0x00007ffdb8630000 - 0x00007ffdb8648000 	C:\Program Files\Android\Android Studio\jbr\bin\jli.dll
0x00007ffddc0a0000 - 0x00007ffddc23d000 	C:\Windows\System32\USER32.dll
0x00007ffdc3510000 - 0x00007ffdc37aa000 	C:\Windows\WinSxS\amd64_microsoft.windows.common-controls_6595b64144ccf1df_6.0.19041.4355_none_60b8b9eb71f62e16\COMCTL32.dll
0x00007ffddb2c0000 - 0x00007ffddb2e2000 	C:\Windows\System32\win32u.dll
0x00007ffddc830000 - 0x00007ffddc8ce000 	C:\Windows\System32\msvcrt.dll
0x00007ffddd450000 - 0x00007ffddd47b000 	C:\Windows\System32\GDI32.dll
0x00007ffddb760000 - 0x00007ffddb87a000 	C:\Windows\System32\gdi32full.dll
0x00007ffddb880000 - 0x00007ffddb91d000 	C:\Windows\System32\msvcp_win.dll
0x00007ffddc800000 - 0x00007ffddc82f000 	C:\Windows\System32\IMM32.DLL
0x00007ffdb46d0000 - 0x00007ffdb46dc000 	C:\Program Files\Android\Android Studio\jbr\bin\vcruntime140_1.dll
0x00007ffd886e0000 - 0x00007ffd8876d000 	C:\Program Files\Android\Android Studio\jbr\bin\msvcp140.dll
0x00007ffd2cef0000 - 0x00007ffd2db7a000 	C:\Program Files\Android\Android Studio\jbr\bin\server\jvm.dll
0x00007ffddcd50000 - 0x00007ffddcdff000 	C:\Windows\System32\ADVAPI32.dll
0x00007ffddd260000 - 0x00007ffddd2ff000 	C:\Windows\System32\sechost.dll
0x00007ffddbe60000 - 0x00007ffddbf83000 	C:\Windows\System32\RPCRT4.dll
0x00007ffddb920000 - 0x00007ffddb947000 	C:\Windows\System32\bcrypt.dll
0x00007ffddd160000 - 0x00007ffddd1cb000 	C:\Windows\System32\WS2_32.dll
0x00007ffddad40000 - 0x00007ffddad8b000 	C:\Windows\SYSTEM32\POWRPROF.dll
0x00007ffdc70e0000 - 0x00007ffdc7107000 	C:\Windows\SYSTEM32\WINMM.dll
0x00007ffdd9120000 - 0x00007ffdd912a000 	C:\Windows\SYSTEM32\VERSION.dll
0x00007ffddacf0000 - 0x00007ffddad02000 	C:\Windows\SYSTEM32\UMPDC.dll
0x00007ffdd91d0000 - 0x00007ffdd91e2000 	C:\Windows\SYSTEM32\kernel.appcore.dll
0x00007ffdb45e0000 - 0x00007ffdb45ea000 	C:\Program Files\Android\Android Studio\jbr\bin\jimage.dll
0x00007ffdb4740000 - 0x00007ffdb4924000 	C:\Windows\SYSTEM32\DBGHELP.DLL
0x00007ffdb4700000 - 0x00007ffdb4734000 	C:\Windows\SYSTEM32\dbgcore.DLL
0x00007ffddb370000 - 0x00007ffddb3f2000 	C:\Windows\System32\bcryptPrimitives.dll
0x00007ffda6d70000 - 0x00007ffda6d90000 	C:\Program Files\Android\Android Studio\jbr\bin\java.dll

dbghelp: loaded successfully - version: 4.0.5 - missing functions: none
symbol engine: initialized successfully - sym options: 0x614 - pdb path: .;C:\Program Files\Android\Android Studio\jbr\bin;C:\Windows\SYSTEM32;C:\Windows\WinSxS\amd64_microsoft.windows.common-controls_6595b64144ccf1df_6.0.19041.4355_none_60b8b9eb71f62e16;C:\Program Files\Android\Android Studio\jbr\bin\server

VM Arguments:
java_command: git4idea.http.GitAskPassApp Username for 'https://github.com': 
java_class_path (initial): C:/Program Files/Android/Android Studio/plugins/vcs-git/lib/git4idea-rt.jar;C:/Program Files/Android/Android Studio/lib/externalProcess-rt.jar
Launcher Type: SUN_STANDARD

[Global flags]
     intx CICompilerCount                          = 3                                         {product} {ergonomic}
     uint ConcGCThreads                            = 1                                         {product} {ergonomic}
     uint G1ConcRefinementThreads                  = 4                                         {product} {ergonomic}
   size_t G1HeapRegionSize                         = 2097152                                   {product} {ergonomic}
    uintx GCDrainStackTargetSize                   = 64                                        {product} {ergonomic}
   size_t InitialHeapSize                          = 199229440                                 {product} {ergonomic}
   size_t MarkStackSize                            = 4194304                                   {product} {ergonomic}
   size_t MaxHeapSize                              = 3181379584                                {product} {ergonomic}
   size_t MinHeapDeltaBytes                        = 2097152                                   {product} {ergonomic}
   size_t MinHeapSize                              = 8388608                                   {product} {ergonomic}
    uintx NonNMethodCodeHeapSize                   = 5832780                                {pd product} {ergonomic}
    uintx NonProfiledCodeHeapSize                  = 122912730                              {pd product} {ergonomic}
    uintx ProfiledCodeHeapSize                     = 122912730                              {pd product} {ergonomic}
    uintx ReservedCodeCacheSize                    = 251658240                              {pd product} {ergonomic}
     bool SegmentedCodeCache                       = true                                      {product} {ergonomic}
   size_t SoftMaxHeapSize                          = 3181379584                             {manageable} {ergonomic}
     bool UseCompressedOops                        = true                           {product lp64_product} {ergonomic}
     bool UseG1GC                                  = true                                      {product} {ergonomic}
     bool UseLargePagesIndividualAllocation        = false                                  {pd product} {ergonomic}

Logging:
Log output configuration:
 #0: stdout all=warning uptime,level,tags foldmultilines=false
 #1: stderr all=off uptime,level,tags foldmultilines=false

Environment Variables:
PATH=C:/Program Files/Git/mingw64/libexec/git-core;C:/Program Files/Git/mingw64/libexec/git-core;C:\Program Files\Git\mingw64\bin;C:\Program Files\Git\usr\bin;C:\Users\Deon\bin;C:\Program Files\Common Files\Oracle\Java\javapath;C:\Windows\system32;C:\Windows;C:\Windows\System32\Wbem;C:\Windows\System32\WindowsPowerShell\v1.0\;C:\Windows\System32\OpenSSH\;C:\Program Files\nodejs\;C:\ProgramData\chocolatey\bin;C:\Program Files\Git\cmd;C:\Program Files\Java\jdk-24\bin;C:\Program Files\Amazon\AWSCLIV2\;C:\Users\Deon\AppData\Roaming\Microsoft\Windows\Start Menu\Programs\Python 3.13;C:\Users\Deon\AppData\Local\Programs\Python\Python313\Scripts\;C:\Users\Deon\AppData\Local\Programs\Python\Python313\;C:\Users\Deon\AppData\Local\Microsoft\WindowsApps;C:\Users\Deon\AppData\Local\Programs\Microsoft VS Code\bin;C:\Users\Deon\AppData\Roaming\npm
USERNAME=Deon
DISPLAY=:0.0
LC_ALL=en_US.UTF-8
TERM=xterm-256color
TMPDIR=C:\Users\Deon\AppData\Local\Temp
OS=Windows_NT
PROCESSOR_IDENTIFIER=Intel64 Family 6 Model 78 Stepping 3, GenuineIntel
TMP=C:\Users\Deon\AppData\Local\Temp
TEMP=C:\Users\Deon\AppData\Local\Temp




Periodic native trim disabled

JNI global refs:
JNI global refs: 0, weak refs: 0

JNI global refs memory usage: 0, weak refs: 0

Process memory usage:
Resident Set Size: 10644K (0% of 12422192K total physical memory with 697456K free physical memory)

OOME stack traces (most recent first):
Classloader memory used:

---------------  S Y S T E M  ---------------

OS:
 Windows 10 , 64 bit Build 19041 (10.0.19041.5678)
OS uptime: 0 days 6:52 hours

CPU: total 4 (initial active 4) (2 cores per cpu, 2 threads per core) family 6 model 78 stepping 3 microcode 0xf0, cx8, cmov, fxsr, ht, mmx, 3dnowpref, sse, sse2, sse3, ssse3, sse4.1, sse4.2, popcnt, lzcnt, tsc, tscinvbit, avx, avx2, aes, erms, clmul, bmi1, bmi2, rtm, adx, fma, vzeroupper, clflush, clflushopt, rdtscp, f16c
Processor Information for all 4 processors :
  Max Mhz: 2496, Current Mhz: 2396, Mhz Limit: 2396

Memory: 4k page, system-wide physical 12131M (681M free)
TotalPageFile size 15868M (AvailPageFile size 174M)
current process WorkingSet (physical memory assigned to process): 10M, peak: 10M
current process commit charge ("private bytes"): 51M, peak: 241M

vm_info: OpenJDK 64-Bit Server VM (21.0.5+-13047016-b750.29) for windows-amd64 JRE (21.0.5+-13047016-b750.29), built on 2025-02-11T21:12:39Z by "builder" with MS VC++ 16.10 / 16.11 (VS2019)

END.
