#
# There is insufficient memory for the Java Runtime Environment to continue.
# Native memory allocation (malloc) failed to allocate 1065872 bytes. Error detail: Chunk::new
# Possible reasons:
#   The system is out of physical RAM or swap space
#   This process is running with CompressedOops enabled, and the Java Heap may be blocking the growth of the native heap
# Possible solutions:
#   Reduce memory load on the system
#   Increase physical memory or swap space
#   Check if swap backing store is full
#   Decrease Java heap size (-Xmx/-Xms)
#   Decrease number of Java threads
#   Decrease Java thread stack sizes (-Xss)
#   Set larger code cache with -XX:ReservedCodeCacheSize=
#   JVM is running with Zero Based Compressed Oops mode in which the Java heap is
#     placed in the first 32GB address space. The Java Heap base address is the
#     maximum limit for the native heap growth. Please use -XX:HeapBaseMinAddress
#     to set the Java Heap base and to place the Java Heap above 32GB virtual address.
# This output file may be truncated or incomplete.
#
#  Out of Memory Error (arena.cpp:168), pid=17100, tid=10428
#
# JRE version: OpenJDK Runtime Environment (21.0.5) (build 21.0.5+-13047016-b750.29)
# Java VM: OpenJDK 64-Bit Server VM (21.0.5+-13047016-b750.29, mixed mode, tiered, compressed oops, compressed class ptrs, g1 gc, windows-amd64)
# No core dump will be written. Minidumps are not enabled by default on client versions of Windows
#

---------------  S U M M A R Y ------------

Command Line: git4idea.http.GitAskPassApp Username for 'https://github.com': 

Host: Intel(R) Core(TM) i5-6300U CPU @ 2.40GHz, 4 cores, 11G,  Windows 10 , 64 bit Build 19041 (10.0.19041.5678)
Time: Sat May 10 05:01:54 2025 Namibia Standard Time elapsed time: 1.501576 seconds (0d 0h 0m 1s)

---------------  T H R E A D  ---------------

Current thread (0x0000028509121a00):  JavaThread "C2 CompilerThread0" daemon [_thread_in_native, id=10428, stack(0x000000f39f600000,0x000000f39f700000) (1024K)]


Current CompileTask:
C2:1501 1119       4       sun.security.ec.ECOperations::setDouble (463 bytes)

Stack: [0x000000f39f600000,0x000000f39f700000]
Native frames: (J=compiled Java code, j=interpreted, Vv=VM code, C=native code)
V  [jvm.dll+0x6cfb29]
V  [jvm.dll+0x85df93]
V  [jvm.dll+0x8604ee]
V  [jvm.dll+0x860bd3]
V  [jvm.dll+0x27e6b6]
V  [jvm.dll+0xbff6d]
V  [jvm.dll+0xc04a3]
V  [jvm.dll+0x3b5ffb]
V  [jvm.dll+0x1de664]
V  [jvm.dll+0x247db4]
V  [jvm.dll+0x247231]
V  [jvm.dll+0x1c5ee4]
V  [jvm.dll+0x25697c]
V  [jvm.dll+0x254ec6]
V  [jvm.dll+0x3f0ce6]
V  [jvm.dll+0x806368]
V  [jvm.dll+0x6ce3fd]
C  [ucrtbase.dll+0x21bb2]
C  [KERNEL32.DLL+0x17374]
C  [ntdll.dll+0x4cc91]


---------------  P R O C E S S  ---------------

Threads class SMR info:
_java_thread_list=0x000002850980b7d0, length=14, elements={
0x000002856a67e8b0, 0x000002850911c280, 0x000002850911ce30, 0x000002850911ed90,
0x000002850911f7e0, 0x0000028509120230, 0x0000028509120c80, 0x0000028509121a00,
0x0000028509122490, 0x00000285092e1fa0, 0x00000285092e5660, 0x00000285097dd290,
0x00000285098bc000, 0x00000285098272d0
}

Java Threads: ( => current thread )
  0x000002856a67e8b0 JavaThread "main"                              [_thread_blocked, id=10976, stack(0x000000f39e800000,0x000000f39e900000) (1024K)]
  0x000002850911c280 JavaThread "Reference Handler"          daemon [_thread_blocked, id=7276, stack(0x000000f39f000000,0x000000f39f100000) (1024K)]
  0x000002850911ce30 JavaThread "Finalizer"                  daemon [_thread_blocked, id=16116, stack(0x000000f39f100000,0x000000f39f200000) (1024K)]
  0x000002850911ed90 JavaThread "Signal Dispatcher"          daemon [_thread_blocked, id=12432, stack(0x000000f39f200000,0x000000f39f300000) (1024K)]
  0x000002850911f7e0 JavaThread "Attach Listener"            daemon [_thread_blocked, id=12668, stack(0x000000f39f300000,0x000000f39f400000) (1024K)]
  0x0000028509120230 JavaThread "Service Thread"             daemon [_thread_blocked, id=16124, stack(0x000000f39f400000,0x000000f39f500000) (1024K)]
  0x0000028509120c80 JavaThread "Monitor Deflation Thread"   daemon [_thread_blocked, id=5968, stack(0x000000f39f500000,0x000000f39f600000) (1024K)]
=>0x0000028509121a00 JavaThread "C2 CompilerThread0"         daemon [_thread_in_native, id=10428, stack(0x000000f39f600000,0x000000f39f700000) (1024K)]
  0x0000028509122490 JavaThread "C1 CompilerThread0"         daemon [_thread_blocked, id=10056, stack(0x000000f39f700000,0x000000f39f800000) (1024K)]
  0x00000285092e1fa0 JavaThread "Notification Thread"        daemon [_thread_blocked, id=15980, stack(0x000000f39f800000,0x000000f39f900000) (1024K)]
  0x00000285092e5660 JavaThread "Common-Cleaner"             daemon [_thread_blocked, id=13268, stack(0x000000f39f900000,0x000000f39fa00000) (1024K)]
  0x00000285097dd290 JavaThread "HttpClient-1-SelectorManager" daemon [_thread_in_native, id=10476, stack(0x000000f39fa00000,0x000000f39fb00000) (1024K)]
  0x00000285098bc000 JavaThread "HttpClient-1-Worker-0"      daemon [_thread_blocked, id=17296, stack(0x000000f39fc00000,0x000000f39fd00000) (1024K)]
  0x00000285098272d0 JavaThread "HttpClient-1-Worker-1"      daemon [_thread_blocked, id=13924, stack(0x000000f39fd00000,0x000000f39fe00000) (1024K)]
Total: 14

Other Threads:
  0x000002857fb16bd0 VMThread "VM Thread"                           [id=4960, stack(0x000000f39ef00000,0x000000f39f000000) (1024K)] _threads_hazard_ptr=0x000002850980b7d0
  0x000002856c92eaa0 WorkerThread "GC Thread#0"                     [id=9288, stack(0x000000f39e900000,0x000000f39ea00000) (1024K)]
  0x0000028509882460 WorkerThread "GC Thread#1"                     [id=11452, stack(0x000000f39fe00000,0x000000f39ff00000) (1024K)]
  0x00000285098a0b50 WorkerThread "GC Thread#2"                     [id=18364, stack(0x000000f39ff00000,0x000000f3a0000000) (1024K)]
  0x00000285098a0ef0 WorkerThread "GC Thread#3"                     [id=12516, stack(0x000000f3a0000000,0x000000f3a0100000) (1024K)]
  0x000002856c93b980 ConcurrentGCThread "G1 Main Marker"            terminated
  0x000002856c93dc30 WorkerThread "G1 Conc#0"                       [id=11148, stack(0x000000f39eb00000,0x000000f39ec00000) (1024K)]
  0x000002857f9610a0 ConcurrentGCThread "G1 Refine#0"               terminated
  0x000002857f961a20 ConcurrentGCThread "G1 Service"                terminated
Total: 9

Threads with active compile tasks:
C2 CompilerThread0  2019 1119       4       sun.security.ec.ECOperations::setDouble (463 bytes)
Total: 1

VM state: at safepoint (normal execution)

VM Mutex/Monitor currently owned by a thread:  ([mutex/lock_event])
[0x00007ffd2da9d360] Threads_lock - owner thread: 0x000002857fb16bd0
[0x00007ffd2da9d460] Heap_lock - owner thread: 0x000002856a67e8b0

Heap address: 0x0000000742600000, size: 3034 MB, Compressed Oops mode: Zero based, Oop shift amount: 3

CDS archive(s) not mapped
Compressed class space mapped at: 0x0000000800000000-0x0000000840000000, reserved size: 1073741824
Narrow klass base: 0x0000000800000000, Narrow klass shift: 0, Narrow klass range: 0x40000000

GC Precious Log:
 CardTable entry size: 512
 Card Set container configuration: InlinePtr #cards 4 size 8 Array Of Cards #cards 16 size 48 Howl #buckets 8 coarsen threshold 3686 Howl Bitmap #cards 512 size 80 coarsen threshold 460 Card regions per heap region 1 cards per card region 4096
 CPUs: 4 total, 4 available
 Memory: 12131M
 Large Page Support: Disabled
 NUMA Support: Disabled
 Compressed Oops: Enabled (Zero based)
 Heap Region Size: 2M
 Heap Min Capacity: 8M
 Heap Initial Capacity: 190M
 Heap Max Capacity: 3034M
 Pre-touch: Disabled
 Parallel Workers: 4
 Concurrent Workers: 1
 Concurrent Refinement Workers: 4
 Periodic GC: Disabled

Heap:
 garbage-first heap   total 194560K, used 4368K [0x0000000742600000, 0x0000000800000000)
  region size 2048K, 3 young (6144K), 1 survivors (2048K)
 Metaspace       used 17207K, committed 17408K, reserved 1114112K
  class space    used 1838K, committed 1920K, reserved 1048576K

Heap Regions: E=young(eden), S=young(survivor), O=old, HS=humongous(starts), HC=humongous(continues), CS=collection set, F=free, TAMS=top-at-mark-start, PB=parsable bottom
|   0|0x0000000742600000, 0x0000000742644000, 0x0000000742800000| 13%| O|  |TAMS 0x0000000742600000| PB 0x0000000742600000| Untracked 
|   1|0x0000000742800000, 0x0000000742800000, 0x0000000742a00000|  0%| F|  |TAMS 0x0000000742800000| PB 0x0000000742800000| Untracked 
|   2|0x0000000742a00000, 0x0000000742a00000, 0x0000000742c00000|  0%| F|  |TAMS 0x0000000742a00000| PB 0x0000000742a00000| Untracked 
|   3|0x0000000742c00000, 0x0000000742c00000, 0x0000000742e00000|  0%| F|  |TAMS 0x0000000742c00000| PB 0x0000000742c00000| Untracked 
|   4|0x0000000742e00000, 0x0000000742e00000, 0x0000000743000000|  0%| F|  |TAMS 0x0000000742e00000| PB 0x0000000742e00000| Untracked 
|   5|0x0000000743000000, 0x0000000743000000, 0x0000000743200000|  0%| F|  |TAMS 0x0000000743000000| PB 0x0000000743000000| Untracked 
|   6|0x0000000743200000, 0x0000000743200000, 0x0000000743400000|  0%| F|  |TAMS 0x0000000743200000| PB 0x0000000743200000| Untracked 
|   7|0x0000000743400000, 0x0000000743400000, 0x0000000743600000|  0%| F|  |TAMS 0x0000000743400000| PB 0x0000000743400000| Untracked 
|   8|0x0000000743600000, 0x0000000743600000, 0x0000000743800000|  0%| F|  |TAMS 0x0000000743600000| PB 0x0000000743600000| Untracked 
|   9|0x0000000743800000, 0x0000000743800000, 0x0000000743a00000|  0%| F|  |TAMS 0x0000000743800000| PB 0x0000000743800000| Untracked 
|  10|0x0000000743a00000, 0x0000000743a00000, 0x0000000743c00000|  0%| F|  |TAMS 0x0000000743a00000| PB 0x0000000743a00000| Untracked 
|  11|0x0000000743c00000, 0x0000000743c00000, 0x0000000743e00000|  0%| F|  |TAMS 0x0000000743c00000| PB 0x0000000743c00000| Untracked 
|  12|0x0000000743e00000, 0x0000000743e00000, 0x0000000744000000|  0%| F|  |TAMS 0x0000000743e00000| PB 0x0000000743e00000| Untracked 
|  13|0x0000000744000000, 0x0000000744000000, 0x0000000744200000|  0%| F|  |TAMS 0x0000000744000000| PB 0x0000000744000000| Untracked 
|  14|0x0000000744200000, 0x0000000744200000, 0x0000000744400000|  0%| F|  |TAMS 0x0000000744200000| PB 0x0000000744200000| Untracked 
|  15|0x0000000744400000, 0x0000000744400000, 0x0000000744600000|  0%| F|  |TAMS 0x0000000744400000| PB 0x0000000744400000| Untracked 
|  16|0x0000000744600000, 0x0000000744600000, 0x0000000744800000|  0%| F|  |TAMS 0x0000000744600000| PB 0x0000000744600000| Untracked 
|  17|0x0000000744800000, 0x0000000744800000, 0x0000000744a00000|  0%| F|  |TAMS 0x0000000744800000| PB 0x0000000744800000| Untracked 
|  18|0x0000000744a00000, 0x0000000744a00000, 0x0000000744c00000|  0%| F|  |TAMS 0x0000000744a00000| PB 0x0000000744a00000| Untracked 
|  19|0x0000000744c00000, 0x0000000744c00000, 0x0000000744e00000|  0%| F|  |TAMS 0x0000000744c00000| PB 0x0000000744c00000| Untracked 
|  20|0x0000000744e00000, 0x0000000744e00000, 0x0000000745000000|  0%| F|  |TAMS 0x0000000744e00000| PB 0x0000000744e00000| Untracked 
|  21|0x0000000745000000, 0x0000000745000000, 0x0000000745200000|  0%| F|  |TAMS 0x0000000745000000| PB 0x0000000745000000| Untracked 
|  22|0x0000000745200000, 0x0000000745200000, 0x0000000745400000|  0%| F|  |TAMS 0x0000000745200000| PB 0x0000000745200000| Untracked 
|  23|0x0000000745400000, 0x0000000745400000, 0x0000000745600000|  0%| F|  |TAMS 0x0000000745400000| PB 0x0000000745400000| Untracked 
|  24|0x0000000745600000, 0x0000000745600000, 0x0000000745800000|  0%| F|  |TAMS 0x0000000745600000| PB 0x0000000745600000| Untracked 
|  25|0x0000000745800000, 0x0000000745800000, 0x0000000745a00000|  0%| F|  |TAMS 0x0000000745800000| PB 0x0000000745800000| Untracked 
|  26|0x0000000745a00000, 0x0000000745a00000, 0x0000000745c00000|  0%| F|  |TAMS 0x0000000745a00000| PB 0x0000000745a00000| Untracked 
|  27|0x0000000745c00000, 0x0000000745c00000, 0x0000000745e00000|  0%| F|  |TAMS 0x0000000745c00000| PB 0x0000000745c00000| Untracked 
|  28|0x0000000745e00000, 0x0000000745e00000, 0x0000000746000000|  0%| F|  |TAMS 0x0000000745e00000| PB 0x0000000745e00000| Untracked 
|  29|0x0000000746000000, 0x0000000746000000, 0x0000000746200000|  0%| F|  |TAMS 0x0000000746000000| PB 0x0000000746000000| Untracked 
|  30|0x0000000746200000, 0x0000000746200000, 0x0000000746400000|  0%| F|  |TAMS 0x0000000746200000| PB 0x0000000746200000| Untracked 
|  31|0x0000000746400000, 0x0000000746400000, 0x0000000746600000|  0%| F|  |TAMS 0x0000000746400000| PB 0x0000000746400000| Untracked 
|  32|0x0000000746600000, 0x0000000746600000, 0x0000000746800000|  0%| F|  |TAMS 0x0000000746600000| PB 0x0000000746600000| Untracked 
|  33|0x0000000746800000, 0x0000000746800000, 0x0000000746a00000|  0%| F|  |TAMS 0x0000000746800000| PB 0x0000000746800000| Untracked 
|  34|0x0000000746a00000, 0x0000000746a00000, 0x0000000746c00000|  0%| F|  |TAMS 0x0000000746a00000| PB 0x0000000746a00000| Untracked 
|  35|0x0000000746c00000, 0x0000000746c00000, 0x0000000746e00000|  0%| F|  |TAMS 0x0000000746c00000| PB 0x0000000746c00000| Untracked 
|  36|0x0000000746e00000, 0x0000000746e00000, 0x0000000747000000|  0%| F|  |TAMS 0x0000000746e00000| PB 0x0000000746e00000| Untracked 
|  37|0x0000000747000000, 0x0000000747000000, 0x0000000747200000|  0%| F|  |TAMS 0x0000000747000000| PB 0x0000000747000000| Untracked 
|  38|0x0000000747200000, 0x0000000747200000, 0x0000000747400000|  0%| F|  |TAMS 0x0000000747200000| PB 0x0000000747200000| Untracked 
|  39|0x0000000747400000, 0x0000000747400000, 0x0000000747600000|  0%| F|  |TAMS 0x0000000747400000| PB 0x0000000747400000| Untracked 
|  40|0x0000000747600000, 0x0000000747600000, 0x0000000747800000|  0%| F|  |TAMS 0x0000000747600000| PB 0x0000000747600000| Untracked 
|  41|0x0000000747800000, 0x0000000747800000, 0x0000000747a00000|  0%| F|  |TAMS 0x0000000747800000| PB 0x0000000747800000| Untracked 
|  42|0x0000000747a00000, 0x0000000747a00000, 0x0000000747c00000|  0%| F|  |TAMS 0x0000000747a00000| PB 0x0000000747a00000| Untracked 
|  43|0x0000000747c00000, 0x0000000747c00000, 0x0000000747e00000|  0%| F|  |TAMS 0x0000000747c00000| PB 0x0000000747c00000| Untracked 
|  44|0x0000000747e00000, 0x0000000747e00000, 0x0000000748000000|  0%| F|  |TAMS 0x0000000747e00000| PB 0x0000000747e00000| Untracked 
|  45|0x0000000748000000, 0x0000000748000000, 0x0000000748200000|  0%| F|  |TAMS 0x0000000748000000| PB 0x0000000748000000| Untracked 
|  46|0x0000000748200000, 0x0000000748200000, 0x0000000748400000|  0%| F|  |TAMS 0x0000000748200000| PB 0x0000000748200000| Untracked 
|  47|0x0000000748400000, 0x0000000748400000, 0x0000000748600000|  0%| F|  |TAMS 0x0000000748400000| PB 0x0000000748400000| Untracked 
|  48|0x0000000748600000, 0x0000000748600000, 0x0000000748800000|  0%| F|  |TAMS 0x0000000748600000| PB 0x0000000748600000| Untracked 
|  49|0x0000000748800000, 0x0000000748800000, 0x0000000748a00000|  0%| F|  |TAMS 0x0000000748800000| PB 0x0000000748800000| Untracked 
|  50|0x0000000748a00000, 0x0000000748a00000, 0x0000000748c00000|  0%| F|  |TAMS 0x0000000748a00000| PB 0x0000000748a00000| Untracked 
|  51|0x0000000748c00000, 0x0000000748c00000, 0x0000000748e00000|  0%| F|  |TAMS 0x0000000748c00000| PB 0x0000000748c00000| Untracked 
|  52|0x0000000748e00000, 0x0000000748e00000, 0x0000000749000000|  0%| F|  |TAMS 0x0000000748e00000| PB 0x0000000748e00000| Untracked 
|  53|0x0000000749000000, 0x0000000749000000, 0x0000000749200000|  0%| F|  |TAMS 0x0000000749000000| PB 0x0000000749000000| Untracked 
|  54|0x0000000749200000, 0x0000000749200000, 0x0000000749400000|  0%| F|  |TAMS 0x0000000749200000| PB 0x0000000749200000| Untracked 
|  55|0x0000000749400000, 0x0000000749400000, 0x0000000749600000|  0%| F|  |TAMS 0x0000000749400000| PB 0x0000000749400000| Untracked 
|  56|0x0000000749600000, 0x0000000749600000, 0x0000000749800000|  0%| F|  |TAMS 0x0000000749600000| PB 0x0000000749600000| Untracked 
|  57|0x0000000749800000, 0x0000000749800000, 0x0000000749a00000|  0%| F|  |TAMS 0x0000000749800000| PB 0x0000000749800000| Untracked 
|  58|0x0000000749a00000, 0x0000000749a00000, 0x0000000749c00000|  0%| F|  |TAMS 0x0000000749a00000| PB 0x0000000749a00000| Untracked 
|  59|0x0000000749c00000, 0x0000000749c00000, 0x0000000749e00000|  0%| F|  |TAMS 0x0000000749c00000| PB 0x0000000749c00000| Untracked 
|  60|0x0000000749e00000, 0x0000000749e00000, 0x000000074a000000|  0%| F|  |TAMS 0x0000000749e00000| PB 0x0000000749e00000| Untracked 
|  61|0x000000074a000000, 0x000000074a000000, 0x000000074a200000|  0%| F|  |TAMS 0x000000074a000000| PB 0x000000074a000000| Untracked 
|  62|0x000000074a200000, 0x000000074a200000, 0x000000074a400000|  0%| F|  |TAMS 0x000000074a200000| PB 0x000000074a200000| Untracked 
|  63|0x000000074a400000, 0x000000074a400000, 0x000000074a600000|  0%| F|  |TAMS 0x000000074a400000| PB 0x000000074a400000| Untracked 
|  64|0x000000074a600000, 0x000000074a600000, 0x000000074a800000|  0%| F|  |TAMS 0x000000074a600000| PB 0x000000074a600000| Untracked 
|  65|0x000000074a800000, 0x000000074a800000, 0x000000074aa00000|  0%| F|  |TAMS 0x000000074a800000| PB 0x000000074a800000| Untracked 
|  66|0x000000074aa00000, 0x000000074aa00000, 0x000000074ac00000|  0%| F|  |TAMS 0x000000074aa00000| PB 0x000000074aa00000| Untracked 
|  67|0x000000074ac00000, 0x000000074ac00000, 0x000000074ae00000|  0%| F|  |TAMS 0x000000074ac00000| PB 0x000000074ac00000| Untracked 
|  68|0x000000074ae00000, 0x000000074ae00000, 0x000000074b000000|  0%| F|  |TAMS 0x000000074ae00000| PB 0x000000074ae00000| Untracked 
|  69|0x000000074b000000, 0x000000074b000000, 0x000000074b200000|  0%| F|  |TAMS 0x000000074b000000| PB 0x000000074b000000| Untracked 
|  70|0x000000074b200000, 0x000000074b200000, 0x000000074b400000|  0%| F|  |TAMS 0x000000074b200000| PB 0x000000074b200000| Untracked 
|  71|0x000000074b400000, 0x000000074b400000, 0x000000074b600000|  0%| F|  |TAMS 0x000000074b400000| PB 0x000000074b400000| Untracked 
|  72|0x000000074b600000, 0x000000074b600000, 0x000000074b800000|  0%| F|  |TAMS 0x000000074b600000| PB 0x000000074b600000| Untracked 
|  73|0x000000074b800000, 0x000000074b800000, 0x000000074ba00000|  0%| F|  |TAMS 0x000000074b800000| PB 0x000000074b800000| Untracked 
|  74|0x000000074ba00000, 0x000000074ba00000, 0x000000074bc00000|  0%| F|  |TAMS 0x000000074ba00000| PB 0x000000074ba00000| Untracked 
|  75|0x000000074bc00000, 0x000000074bc00000, 0x000000074be00000|  0%| F|  |TAMS 0x000000074bc00000| PB 0x000000074bc00000| Untracked 
|  76|0x000000074be00000, 0x000000074be00000, 0x000000074c000000|  0%| F|  |TAMS 0x000000074be00000| PB 0x000000074be00000| Untracked 
|  77|0x000000074c000000, 0x000000074c000000, 0x000000074c200000|  0%| F|  |TAMS 0x000000074c000000| PB 0x000000074c000000| Untracked 
|  78|0x000000074c200000, 0x000000074c200000, 0x000000074c400000|  0%| F|  |TAMS 0x000000074c200000| PB 0x000000074c200000| Untracked 
|  79|0x000000074c400000, 0x000000074c400000, 0x000000074c600000|  0%| F|  |TAMS 0x000000074c400000| PB 0x000000074c400000| Untracked 
|  80|0x000000074c600000, 0x000000074c600000, 0x000000074c800000|  0%| F|  |TAMS 0x000000074c600000| PB 0x000000074c600000| Untracked 
|  81|0x000000074c800000, 0x000000074c800000, 0x000000074ca00000|  0%| F|  |TAMS 0x000000074c800000| PB 0x000000074c800000| Untracked 
|  82|0x000000074ca00000, 0x000000074ca00000, 0x000000074cc00000|  0%| F|  |TAMS 0x000000074ca00000| PB 0x000000074ca00000| Untracked 
|  83|0x000000074cc00000, 0x000000074cc00000, 0x000000074ce00000|  0%| F|  |TAMS 0x000000074cc00000| PB 0x000000074cc00000| Untracked 
|  84|0x000000074ce00000, 0x000000074ce00000, 0x000000074d000000|  0%| F|  |TAMS 0x000000074ce00000| PB 0x000000074ce00000| Untracked 
|  85|0x000000074d000000, 0x000000074d000000, 0x000000074d200000|  0%| F|  |TAMS 0x000000074d000000| PB 0x000000074d000000| Untracked 
|  86|0x000000074d200000, 0x000000074d200000, 0x000000074d400000|  0%| F|  |TAMS 0x000000074d200000| PB 0x000000074d200000| Untracked 
|  87|0x000000074d400000, 0x000000074d400000, 0x000000074d600000|  0%| F|  |TAMS 0x000000074d400000| PB 0x000000074d400000| Untracked 
|  88|0x000000074d600000, 0x000000074d800000, 0x000000074d800000|100%| S|CS|TAMS 0x000000074d600000| PB 0x000000074d600000| Complete 
|  89|0x000000074d800000, 0x000000074d800000, 0x000000074da00000|  0%| F|  |TAMS 0x000000074d800000| PB 0x000000074d800000| Untracked 
|  90|0x000000074da00000, 0x000000074da00000, 0x000000074dc00000|  0%| F|  |TAMS 0x000000074da00000| PB 0x000000074da00000| Untracked 
|  91|0x000000074dc00000, 0x000000074dc00000, 0x000000074de00000|  0%| F|  |TAMS 0x000000074dc00000| PB 0x000000074dc00000| Untracked 
|  92|0x000000074de00000, 0x000000074de00000, 0x000000074e000000|  0%| F|  |TAMS 0x000000074de00000| PB 0x000000074de00000| Untracked 
|  93|0x000000074e000000, 0x000000074e200000, 0x000000074e200000|100%| E|  |TAMS 0x000000074e000000| PB 0x000000074e000000| Complete 
|  94|0x000000074e200000, 0x000000074e400000, 0x000000074e400000|100%| E|CS|TAMS 0x000000074e200000| PB 0x000000074e200000| Complete 

Card table byte_map: [0x000002857f030000,0x000002857f620000] _byte_map_base: 0x000002857b61d000

Marking Bits: (CMBitMap*) 0x000002856c92f1a0
 Bits: [0x0000028500000000, 0x0000028502f68000)

Polling page: 0x000002856a8a0000

Metaspace:

Usage:
  Non-class:     15.01 MB used.
      Class:      1.80 MB used.
       Both:     16.80 MB used.

Virtual space:
  Non-class space:       64.00 MB reserved,      15.12 MB ( 24%) committed,  1 nodes.
      Class space:        1.00 GB reserved,       1.88 MB ( <1%) committed,  1 nodes.
             Both:        1.06 GB reserved,      17.00 MB (  2%) committed. 

Chunk freelists:
   Non-Class:  652.00 KB
       Class:  14.13 MB
        Both:  14.76 MB

MaxMetaspaceSize: unlimited
CompressedClassSpaceSize: 1.00 GB
Initial GC threshold: 21.00 MB
Current GC threshold: 21.00 MB
CDS: off
 - commit_granule_bytes: 65536.
 - commit_granule_words: 8192.
 - virtual_space_node_default_size: 8388608.
 - enlarge_chunks_in_place: 1.
 - use_allocation_guard: 0.


Internal statistics:

num_allocs_failed_limit: 0.
num_arena_births: 268.
num_arena_deaths: 0.
num_vsnodes_births: 2.
num_vsnodes_deaths: 0.
num_space_committed: 272.
num_space_uncommitted: 0.
num_chunks_returned_to_freelist: 0.
num_chunks_taken_from_freelist: 477.
num_chunk_merges: 0.
num_chunk_splits: 263.
num_chunks_enlarged: 124.
num_inconsistent_stats: 0.

CodeHeap 'non-profiled nmethods': size=120000Kb used=422Kb max_used=422Kb free=119577Kb
 bounds [0x0000028577510000, 0x0000028577780000, 0x000002857ea40000]
CodeHeap 'profiled nmethods': size=120000Kb used=2021Kb max_used=2021Kb free=117978Kb
 bounds [0x000002856fa40000, 0x000002856fcb0000, 0x0000028576f70000]
CodeHeap 'non-nmethods': size=5760Kb used=1413Kb max_used=1426Kb free=4346Kb
 bounds [0x0000028576f70000, 0x00000285771e0000, 0x0000028577510000]
 total_blobs=1758 nmethods=1241 adapters=422
 compilation: enabled
              stopped_count=0, restarted_count=0
 full_count=0

Compilation events (20 events):
Event: 1.410 Thread 0x0000028509122490 1230       1       java.lang.invoke.InvokerBytecodeGenerator::setClassWriter (6 bytes)
Event: 1.410 Thread 0x0000028509122490 nmethod 1230 0x0000028577579510 code [0x00000285775796a0, 0x00000285775797b8]
Event: 1.410 Thread 0x0000028509122490 1233       1       java.lang.Class::getClassData (5 bytes)
Event: 1.410 Thread 0x0000028509122490 nmethod 1233 0x0000028577579810 code [0x00000285775799a0, 0x0000028577579a70]
Event: 1.411 Thread 0x0000028509122490 1235       3       java.lang.invoke.MethodHandles$Lookup::getDirectConstructorCommon (69 bytes)
Event: 1.412 Thread 0x0000028509122490 nmethod 1235 0x000002856fc35c90 code [0x000002856fc35ea0, 0x000002856fc363c8]
Event: 1.412 Thread 0x0000028509122490 1236       3       java.lang.invoke.DirectMethodHandle::makeAllocator (137 bytes)
Event: 1.412 Thread 0x0000028509122490 nmethod 1236 0x000002856fc36610 code [0x000002856fc36820, 0x000002856fc36cb0]
Event: 1.412 Thread 0x0000028509122490 1237       3       java.util.Optional::of (12 bytes)
Event: 1.413 Thread 0x0000028509122490 nmethod 1237 0x000002856fc36f10 code [0x000002856fc370e0, 0x000002856fc374a0]
Event: 1.413 Thread 0x0000028509122490 1238       3       java.nio.DirectByteBuffer::<init> (60 bytes)
Event: 1.413 Thread 0x0000028509122490 nmethod 1238 0x000002856fc37610 code [0x000002856fc377e0, 0x000002856fc37c28]
Event: 1.413 Thread 0x0000028509122490 1239       3       java.nio.MappedByteBuffer::<init> (24 bytes)
Event: 1.413 Thread 0x0000028509122490 nmethod 1239 0x000002856fc37d90 code [0x000002856fc37f40, 0x000002856fc380f8]
Event: 1.413 Thread 0x0000028509122490 1240   !   3       jdk.internal.jimage.BasicImageReader::slice (32 bytes)
Event: 1.413 Thread 0x0000028509122490 nmethod 1240 0x000002856fc38190 code [0x000002856fc38360, 0x000002856fc387a0]
Event: 1.413 Thread 0x0000028509122490 1241       3       java.security.SecureClassLoader::getProtectionDomain (37 bytes)
Event: 1.414 Thread 0x0000028509122490 nmethod 1241 0x000002856fc38910 code [0x000002856fc38b00, 0x000002856fc39190]
Event: 1.414 Thread 0x0000028509122490 1242       3       java.util.Set::of (10 bytes)
Event: 1.414 Thread 0x0000028509122490 nmethod 1242 0x000002856fc39390 code [0x000002856fc39540, 0x000002856fc396d0]

GC Heap History (2 events):
Event: 0.908 GC heap before
{Heap before GC invocations=0 (full 0):
 garbage-first heap   total 194560K, used 12288K [0x0000000742600000, 0x0000000800000000)
  region size 2048K, 6 young (12288K), 0 survivors (0K)
 Metaspace       used 15177K, committed 15488K, reserved 1114112K
  class space    used 1584K, committed 1728K, reserved 1048576K
}
Event: 0.915 GC heap after
{Heap after GC invocations=1 (full 0):
 garbage-first heap   total 194560K, used 2320K [0x0000000742600000, 0x0000000800000000)
  region size 2048K, 1 young (2048K), 1 survivors (2048K)
 Metaspace       used 15177K, committed 15488K, reserved 1114112K
  class space    used 1584K, committed 1728K, reserved 1048576K
}

Dll operation events (2 events):
Event: 0.010 Loaded shared library C:\Program Files\Android\Android Studio\jbr\bin\java.dll
Event: 0.019 Loaded shared library C:\Program Files\Android\Android Studio\jbr\bin\zip.dll

Deoptimization events (20 events):
Event: 1.143 Thread 0x00000285098272d0 Uncommon trap: trap_request=0xffffffde fr.pc=0x00000285775697c0 relative=0x0000000000000280
Event: 1.143 Thread 0x00000285098272d0 Uncommon trap: reason=class_check action=maybe_recompile pc=0x00000285775697c0 method=sun.security.util.math.intpoly.IntegerPolynomial.multByInt([JJ)V @ 26 c2
Event: 1.143 Thread 0x00000285098272d0 DEOPT PACKING pc=0x00000285775697c0 sp=0x000000f39fdfdf90
Event: 1.143 Thread 0x00000285098272d0 DEOPT UNPACKING pc=0x0000028576fc46a2 sp=0x000000f39fdfdf60 mode 2
Event: 1.143 Thread 0x00000285098272d0 Uncommon trap: trap_request=0xffffffde fr.pc=0x00000285775697c0 relative=0x0000000000000280
Event: 1.143 Thread 0x00000285098272d0 Uncommon trap: reason=class_check action=maybe_recompile pc=0x00000285775697c0 method=sun.security.util.math.intpoly.IntegerPolynomial.multByInt([JJ)V @ 26 c2
Event: 1.143 Thread 0x00000285098272d0 DEOPT PACKING pc=0x00000285775697c0 sp=0x000000f39fdfdf90
Event: 1.143 Thread 0x00000285098272d0 DEOPT UNPACKING pc=0x0000028576fc46a2 sp=0x000000f39fdfdf60 mode 2
Event: 1.143 Thread 0x00000285098272d0 Uncommon trap: trap_request=0xffffffde fr.pc=0x00000285775697c0 relative=0x0000000000000280
Event: 1.143 Thread 0x00000285098272d0 Uncommon trap: reason=class_check action=maybe_recompile pc=0x00000285775697c0 method=sun.security.util.math.intpoly.IntegerPolynomial.multByInt([JJ)V @ 26 c2
Event: 1.143 Thread 0x00000285098272d0 DEOPT PACKING pc=0x00000285775697c0 sp=0x000000f39fdfdf90
Event: 1.143 Thread 0x00000285098272d0 DEOPT UNPACKING pc=0x0000028576fc46a2 sp=0x000000f39fdfdf60 mode 2
Event: 1.143 Thread 0x00000285098272d0 Uncommon trap: trap_request=0xffffffde fr.pc=0x00000285775697c0 relative=0x0000000000000280
Event: 1.143 Thread 0x00000285098272d0 Uncommon trap: reason=class_check action=maybe_recompile pc=0x00000285775697c0 method=sun.security.util.math.intpoly.IntegerPolynomial.multByInt([JJ)V @ 26 c2
Event: 1.143 Thread 0x00000285098272d0 DEOPT PACKING pc=0x00000285775697c0 sp=0x000000f39fdfdf90
Event: 1.143 Thread 0x00000285098272d0 DEOPT UNPACKING pc=0x0000028576fc46a2 sp=0x000000f39fdfdf60 mode 2
Event: 1.309 Thread 0x00000285097dd290 Uncommon trap: trap_request=0xffffff45 fr.pc=0x0000028577565e48 relative=0x0000000000000a88
Event: 1.309 Thread 0x00000285097dd290 Uncommon trap: reason=unstable_if action=reinterpret pc=0x0000028577565e48 method=java.util.HashMap.putVal(ILjava/lang/Object;Ljava/lang/Object;ZZ)Ljava/lang/Object; @ 81 c2
Event: 1.309 Thread 0x00000285097dd290 DEOPT PACKING pc=0x0000028577565e48 sp=0x000000f39faff160
Event: 1.309 Thread 0x00000285097dd290 DEOPT UNPACKING pc=0x0000028576fc46a2 sp=0x000000f39faff130 mode 2

Classes loaded (20 events):
Event: 1.400 Loading class java/util/stream/Sink$OfLong done
Event: 1.400 Loading class java/util/stream/FindOps$FindSink$OfLong done
Event: 1.400 Loading class java/util/OptionalLong
Event: 1.400 Loading class java/util/OptionalLong done
Event: 1.400 Loading class java/util/stream/ReferencePipeline$5$1
Event: 1.400 Loading class java/util/stream/ReferencePipeline$5$1 done
Event: 1.401 Loading class java/lang/IllegalAccessException
Event: 1.401 Loading class java/lang/IllegalAccessException done
Event: 1.401 Loading class java/lang/invoke/VarHandleBytes$FieldInstanceReadWrite
Event: 1.401 Loading class java/lang/invoke/VarHandleBytes$FieldInstanceReadOnly
Event: 1.401 Loading class java/lang/invoke/VarHandleBytes$FieldInstanceReadOnly done
Event: 1.401 Loading class java/lang/invoke/VarHandleBytes$FieldInstanceReadWrite done
Event: 1.410 Loading class java/nio/HeapByteBufferR
Event: 1.411 Loading class java/nio/HeapByteBufferR done
Event: 1.414 Loading class java/util/LinkedList$DescendingIterator
Event: 1.414 Loading class java/util/LinkedList$DescendingIterator done
Event: 1.414 Loading class java/lang/Shutdown
Event: 1.415 Loading class java/lang/Shutdown done
Event: 1.415 Loading class java/lang/Shutdown$Lock
Event: 1.415 Loading class java/lang/Shutdown$Lock done

Classes unloaded (0 events):
No events

Classes redefined (0 events):
No events

Internal exceptions (20 events):
Event: 0.578 Thread 0x000002856a67e8b0 Exception <a 'java/lang/NoSuchMethodError'{0x000000074dff64d0}: 'int java.lang.invoke.DirectMethodHandle$Holder.invokeStaticInit(java.lang.Object, float, float)'> (0x000000074dff64d0) 
thrown [s\src\hotspot\share\interpreter\linkResolver.cpp, line 784]
Event: 0.578 Thread 0x000002856a67e8b0 Exception <a 'java/lang/NoSuchMethodError'{0x000000074dffcf60}: 'int java.lang.invoke.DirectMethodHandle$Holder.invokeStaticInit(java.lang.Object, double, double)'> (0x000000074dffcf60) 
thrown [s\src\hotspot\share\interpreter\linkResolver.cpp, line 784]
Event: 0.579 Thread 0x000002856a67e8b0 Exception <a 'java/lang/NoSuchMethodError'{0x000000074dc01b80}: 'int java.lang.invoke.DirectMethodHandle$Holder.invokeStatic(java.lang.Object, long)'> (0x000000074dc01b80) 
thrown [s\src\hotspot\share\interpreter\linkResolver.cpp, line 784]
Event: 0.589 Thread 0x000002856a67e8b0 Exception <a 'java/lang/NoSuchMethodError'{0x000000074dc2ea88}: 'java.lang.Object java.lang.invoke.DelegatingMethodHandle$Holder.delegate(java.lang.Object, int, java.lang.Object, java.lang.Object)'> (0x000000074dc2ea88) 
thrown [s\src\hotspot\share\interpreter\linkResolver.cpp, line 784]
Event: 0.595 Thread 0x000002856a67e8b0 Exception <a 'java/lang/NoSuchMethodError'{0x000000074dc3e010}: 'int java.lang.invoke.Invokers$Holder.linkToTargetMethod(java.lang.Object, java.lang.Object, java.lang.Object)'> (0x000000074dc3e010) 
thrown [s\src\hotspot\share\interpreter\linkResolver.cpp, line 784]
Event: 0.602 Thread 0x000002856a67e8b0 Exception <a 'java/lang/NoSuchMethodError'{0x000000074dc6cef0}: 'long java.lang.invoke.DirectMethodHandle$Holder.invokeSpecial(java.lang.Object, java.lang.Object)'> (0x000000074dc6cef0) 
thrown [s\src\hotspot\share\interpreter\linkResolver.cpp, line 784]
Event: 0.604 Thread 0x000002856a67e8b0 Exception <a 'java/lang/NoSuchMethodError'{0x000000074dc737c0}: 'int java.lang.invoke.DirectMethodHandle$Holder.invokeStatic(java.lang.Object, java.lang.Object, java.lang.Object, java.lang.Object)'> (0x000000074dc737c0) 
thrown [s\src\hotspot\share\interpreter\linkResolver.cpp, line 784]
Event: 0.604 Thread 0x000002856a67e8b0 Exception <a 'java/lang/NoSuchMethodError'{0x000000074dc76be0}: 'java.lang.Object java.lang.invoke.Invokers$Holder.invokeExact_MT(java.lang.Object, java.lang.Object, java.lang.Object, java.lang.Object, java.lang.Object, java.lang.Object)'> (0x000000074dc76be0) 
thrown [s\src\hotspot\share\interpreter\linkResolver.cpp, line 784]
Event: 0.761 Thread 0x000002856a67e8b0 Exception <a 'java/lang/NoSuchMethodError'{0x000000074da95580}: 'java.lang.Object java.lang.invoke.DirectMethodHandle$Holder.newInvokeSpecial(java.lang.Object, java.lang.Object, java.lang.Object, java.lang.Object, java.lang.Object)'> (0x000000074da95580) 
thrown [s\src\hotspot\share\interpreter\linkResolver.cpp, line 784]
Event: 0.808 Thread 0x000002856a67e8b0 Exception <a 'java/lang/NoSuchMethodError'{0x000000074dbf3ac8}: 'java.lang.Object java.lang.invoke.DirectMethodHandle$Holder.invokeSpecial(java.lang.Object, java.lang.Object, java.lang.Object, java.lang.Object, int)'> (0x000000074dbf3ac8) 
thrown [s\src\hotspot\share\interpreter\linkResolver.cpp, line 784]
Event: 0.809 Thread 0x000002856a67e8b0 Exception <a 'java/lang/NoSuchMethodError'{0x000000074dbf7430}: 'java.lang.Object java.lang.invoke.Invokers$Holder.linkToTargetMethod(java.lang.Object, java.lang.Object, int, java.lang.Object)'> (0x000000074dbf7430) 
thrown [s\src\hotspot\share\interpreter\linkResolver.cpp, line 784]
Event: 0.822 Thread 0x000002856a67e8b0 Exception <a 'java/lang/NoSuchMethodError'{0x000000074d8226e8}: 'void java.lang.invoke.DirectMethodHandle$Holder.invokeSpecial(java.lang.Object, java.lang.Object, java.lang.Object)'> (0x000000074d8226e8) 
thrown [s\src\hotspot\share\interpreter\linkResolver.cpp, line 784]
Event: 0.842 Thread 0x00000285097dd290 Exception <a 'java/lang/NoSuchMethodError'{0x000000074da5b868}: 'void java.lang.invoke.DirectMethodHandle$Holder.invokeStatic(java.lang.Object, java.lang.Object, int)'> (0x000000074da5b868) 
thrown [s\src\hotspot\share\interpreter\linkResolver.cpp, line 784]
Event: 0.844 Thread 0x000002856a67e8b0 Exception <a 'java/lang/NoSuchMethodError'{0x000000074d8a8448}: 'void java.lang.invoke.DirectMethodHandle$Holder.invokeSpecial(java.lang.Object, java.lang.Object, java.lang.Object, java.lang.Object, java.lang.Object)'> (0x000000074d8a8448) 
thrown [s\src\hotspot\share\interpreter\linkResolver.cpp, line 784]
Event: 0.856 Thread 0x00000285097dd290 Exception <a 'java/lang/NoSuchMethodError'{0x000000074d910dd8}: 'void java.lang.invoke.DirectMethodHandle$Holder.invokeStatic(java.lang.Object, java.lang.Object)'> (0x000000074d910dd8) 
thrown [s\src\hotspot\share\interpreter\linkResolver.cpp, line 784]
Event: 0.858 Thread 0x00000285098bc000 Exception <a 'java/lang/NoSuchMethodError'{0x000000074d952d50}: 'void java.lang.invoke.DirectMethodHandle$Holder.invokeInterface(java.lang.Object, java.lang.Object, java.lang.Object)'> (0x000000074d952d50) 
thrown [s\src\hotspot\share\interpreter\linkResolver.cpp, line 784]
Event: 0.868 Thread 0x00000285098bc000 Exception <a 'java/lang/NoSuchMethodError'{0x000000074d998d68}: 'void java.lang.invoke.DirectMethodHandle$Holder.invokeVirtual(java.lang.Object, java.lang.Object)'> (0x000000074d998d68) 
thrown [s\src\hotspot\share\interpreter\linkResolver.cpp, line 784]
Event: 1.132 Thread 0x00000285098272d0 Exception <a 'java/lang/NoSuchMethodError'{0x000000074e38ac08}: 'void java.lang.invoke.DirectMethodHandle$Holder.invokeInterface(java.lang.Object, java.lang.Object)'> (0x000000074e38ac08) 
thrown [s\src\hotspot\share\interpreter\linkResolver.cpp, line 784]
Event: 1.265 Thread 0x00000285098272d0 Exception <a 'java/lang/NoSuchMethodError'{0x000000074e3fe298}: 'void java.lang.invoke.DirectMethodHandle$Holder.invokeStatic(java.lang.Object, java.lang.Object, java.lang.Object, java.lang.Object)'> (0x000000074e3fe298) 
thrown [s\src\hotspot\share\interpreter\linkResolver.cpp, line 784]
Event: 1.407 Thread 0x00000285098272d0 Exception <a 'java/lang/NoSuchMethodError'{0x000000074e196940}: 'void java.lang.invoke.DirectMethodHandle$Holder.invokeSpecial(java.lang.Object, java.lang.Object, java.lang.Object, java.lang.Object, java.lang.Object, java.lang.Object, java.lang.Object)'> (0x000000074e196940) 
thrown [s\src\hotspot\share\interpreter\linkResolver.cpp, line 784]

ZGC Phase Switch (0 events):
No events

VM Operations (13 events):
Event: 0.160 Executing VM operation: HandshakeAllThreads (Deoptimize)
Event: 0.160 Executing VM operation: HandshakeAllThreads (Deoptimize) done
Event: 0.174 Executing VM operation: HandshakeAllThreads (Deoptimize)
Event: 0.174 Executing VM operation: HandshakeAllThreads (Deoptimize) done
Event: 0.485 Executing VM operation: HandshakeAllThreads (Deoptimize)
Event: 0.485 Executing VM operation: HandshakeAllThreads (Deoptimize) done
Event: 0.908 Executing VM operation: G1CollectForAllocation (G1 Evacuation Pause)
Event: 0.915 Executing VM operation: G1CollectForAllocation (G1 Evacuation Pause) done
Event: 1.394 Executing VM operation: HandshakeAllThreads (Deoptimize)
Event: 1.394 Executing VM operation: HandshakeAllThreads (Deoptimize) done
Event: 1.411 Executing VM operation: HandshakeAllThreads (Deoptimize)
Event: 1.411 Executing VM operation: HandshakeAllThreads (Deoptimize) done
Event: 1.415 Executing VM operation: Exit

Memory protections (0 events):
No events

Nmethod flushes (0 events):
No events

Events (20 events):
Event: 0.079 Thread 0x000002856a67e8b0 Thread added: 0x000002850911ce30
Event: 0.080 Thread 0x000002856a67e8b0 Thread added: 0x000002850911ed90
Event: 0.080 Thread 0x000002856a67e8b0 Thread added: 0x000002850911f7e0
Event: 0.080 Thread 0x000002856a67e8b0 Thread added: 0x0000028509120230
Event: 0.081 Thread 0x000002856a67e8b0 Thread added: 0x0000028509120c80
Event: 0.081 Thread 0x000002856a67e8b0 Thread added: 0x0000028509121a00
Event: 0.081 Thread 0x000002856a67e8b0 Thread added: 0x0000028509122490
Event: 0.124 Thread 0x000002856a67e8b0 Thread added: 0x00000285092e1fa0
Event: 0.132 Thread 0x000002856a67e8b0 Thread added: 0x00000285092e5660
Event: 0.141 Loaded shared library C:\Program Files\Android\Android Studio\jbr\bin\net.dll
Event: 0.144 Loaded shared library C:\Program Files\Android\Android Studio\jbr\bin\nio.dll
Event: 0.154 Loaded shared library C:\Program Files\Android\Android Studio\jbr\bin\zip.dll
Event: 0.314 Loaded shared library C:\Program Files\Android\Android Studio\jbr\bin\jimage.dll
Event: 0.749 Loaded shared library C:\Program Files\Android\Android Studio\jbr\bin\extnet.dll
Event: 0.756 Thread 0x000002856a67e8b0 Thread added: 0x00000285097dd290
Event: 0.855 Thread 0x00000285097dd290 Thread added: 0x00000285098bc000
Event: 0.878 Thread 0x00000285097dd290 Thread added: 0x00000285098272d0
Event: 0.992 Thread 0x0000028509122490 Thread added: 0x000002850983f530
Event: 1.411 Thread 0x000002850983f530 Thread exited: 0x000002850983f530
Event: 1.415 Thread 0x000002856a67e8b0 Before exit entered


Dynamic libraries:
0x00007ff7fbc50000 - 0x00007ff7fbc5a000 	C:\Program Files\Android\Android Studio\jbr\bin\java.exe
0x00007ffdddc30000 - 0x00007ffddde28000 	C:\Windows\SYSTEM32\ntdll.dll
0x00007ffddd380000 - 0x00007ffddd442000 	C:\Windows\System32\KERNEL32.DLL
0x00007ffddb950000 - 0x00007ffddbc46000 	C:\Windows\System32\KERNELBASE.dll
0x00007ffddb560000 - 0x00007ffddb660000 	C:\Windows\System32\ucrtbase.dll
0x00007ffdb8630000 - 0x00007ffdb8648000 	C:\Program Files\Android\Android Studio\jbr\bin\jli.dll
0x00007ffdb46b0000 - 0x00007ffdb46cb000 	C:\Program Files\Android\Android Studio\jbr\bin\VCRUNTIME140.dll
0x00007ffddc0a0000 - 0x00007ffddc23d000 	C:\Windows\System32\USER32.dll
0x00007ffddb2c0000 - 0x00007ffddb2e2000 	C:\Windows\System32\win32u.dll
0x00007ffdc3510000 - 0x00007ffdc37aa000 	C:\Windows\WinSxS\amd64_microsoft.windows.common-controls_6595b64144ccf1df_6.0.19041.4355_none_60b8b9eb71f62e16\COMCTL32.dll
0x00007ffddd450000 - 0x00007ffddd47b000 	C:\Windows\System32\GDI32.dll
0x00007ffddc830000 - 0x00007ffddc8ce000 	C:\Windows\System32\msvcrt.dll
0x00007ffddb760000 - 0x00007ffddb87a000 	C:\Windows\System32\gdi32full.dll
0x00007ffddb880000 - 0x00007ffddb91d000 	C:\Windows\System32\msvcp_win.dll
0x00007ffddc800000 - 0x00007ffddc82f000 	C:\Windows\System32\IMM32.DLL
0x00007ffdb46d0000 - 0x00007ffdb46dc000 	C:\Program Files\Android\Android Studio\jbr\bin\vcruntime140_1.dll
0x00007ffd886e0000 - 0x00007ffd8876d000 	C:\Program Files\Android\Android Studio\jbr\bin\msvcp140.dll
0x00007ffd2cef0000 - 0x00007ffd2db7a000 	C:\Program Files\Android\Android Studio\jbr\bin\server\jvm.dll
0x00007ffddcd50000 - 0x00007ffddcdff000 	C:\Windows\System32\ADVAPI32.dll
0x00007ffddd260000 - 0x00007ffddd2ff000 	C:\Windows\System32\sechost.dll
0x00007ffddbe60000 - 0x00007ffddbf83000 	C:\Windows\System32\RPCRT4.dll
0x00007ffddb920000 - 0x00007ffddb947000 	C:\Windows\System32\bcrypt.dll
0x00007ffddd160000 - 0x00007ffddd1cb000 	C:\Windows\System32\WS2_32.dll
0x00007ffddad40000 - 0x00007ffddad8b000 	C:\Windows\SYSTEM32\POWRPROF.dll
0x00007ffdd9120000 - 0x00007ffdd912a000 	C:\Windows\SYSTEM32\VERSION.dll
0x00007ffdc70e0000 - 0x00007ffdc7107000 	C:\Windows\SYSTEM32\WINMM.dll
0x00007ffddacf0000 - 0x00007ffddad02000 	C:\Windows\SYSTEM32\UMPDC.dll
0x00007ffdd91d0000 - 0x00007ffdd91e2000 	C:\Windows\SYSTEM32\kernel.appcore.dll
0x00007ffdb45e0000 - 0x00007ffdb45ea000 	C:\Program Files\Android\Android Studio\jbr\bin\jimage.dll
0x00007ffdb4740000 - 0x00007ffdb4924000 	C:\Windows\SYSTEM32\DBGHELP.DLL
0x00007ffdb4700000 - 0x00007ffdb4734000 	C:\Windows\SYSTEM32\dbgcore.DLL
0x00007ffddb370000 - 0x00007ffddb3f2000 	C:\Windows\System32\bcryptPrimitives.dll
0x00007ffda6d70000 - 0x00007ffda6d90000 	C:\Program Files\Android\Android Studio\jbr\bin\java.dll
0x00007ffda6690000 - 0x00007ffda66a8000 	C:\Program Files\Android\Android Studio\jbr\bin\zip.dll
0x00007ffddd480000 - 0x00007ffdddbef000 	C:\Windows\System32\SHELL32.dll
0x00007ffdd9340000 - 0x00007ffdd9ae3000 	C:\Windows\SYSTEM32\windows.storage.dll
0x00007ffddce00000 - 0x00007ffddd155000 	C:\Windows\System32\combase.dll
0x00007ffddac80000 - 0x00007ffddacab000 	C:\Windows\SYSTEM32\Wldp.dll
0x00007ffddc8d0000 - 0x00007ffddc99d000 	C:\Windows\System32\OLEAUT32.dll
0x00007ffddcb50000 - 0x00007ffddcbfd000 	C:\Windows\System32\SHCORE.dll
0x00007ffddd320000 - 0x00007ffddd375000 	C:\Windows\System32\shlwapi.dll
0x00007ffddb1f0000 - 0x00007ffddb215000 	C:\Windows\SYSTEM32\profapi.dll
0x00007ffdb4580000 - 0x00007ffdb4590000 	C:\Program Files\Android\Android Studio\jbr\bin\net.dll
0x00007ffdd8f10000 - 0x00007ffdd901a000 	C:\Windows\SYSTEM32\WINHTTP.dll
0x00007ffdda9e0000 - 0x00007ffddaa4c000 	C:\Windows\system32\mswsock.dll
0x00007ffda5dc0000 - 0x00007ffda5dd6000 	C:\Program Files\Android\Android Studio\jbr\bin\nio.dll
0x00007ffddabd0000 - 0x00007ffddabe8000 	C:\Windows\SYSTEM32\CRYPTSP.dll
0x00007ffdda2a0000 - 0x00007ffdda2d8000 	C:\Windows\system32\rsaenh.dll
0x00007ffddb1b0000 - 0x00007ffddb1de000 	C:\Windows\SYSTEM32\USERENV.dll
0x00007ffddabf0000 - 0x00007ffddabfc000 	C:\Windows\SYSTEM32\CRYPTBASE.dll
0x00007ffdda660000 - 0x00007ffdda69b000 	C:\Windows\SYSTEM32\IPHLPAPI.DLL
0x00007ffddcc00000 - 0x00007ffddcc08000 	C:\Windows\System32\NSI.dll
0x00007ffdb9fd0000 - 0x00007ffdb9fd7000 	C:\Windows\system32\wshunix.dll
0x00007ffdbad80000 - 0x00007ffdbad89000 	C:\Program Files\Android\Android Studio\jbr\bin\extnet.dll

dbghelp: loaded successfully - version: 4.0.5 - missing functions: none
symbol engine: initialized successfully - sym options: 0x614 - pdb path: .;C:\Program Files\Android\Android Studio\jbr\bin;C:\Windows\SYSTEM32;C:\Windows\WinSxS\amd64_microsoft.windows.common-controls_6595b64144ccf1df_6.0.19041.4355_none_60b8b9eb71f62e16;C:\Program Files\Android\Android Studio\jbr\bin\server

VM Arguments:
java_command: git4idea.http.GitAskPassApp Username for 'https://github.com': 
java_class_path (initial): C:/Program Files/Android/Android Studio/plugins/vcs-git/lib/git4idea-rt.jar;C:/Program Files/Android/Android Studio/lib/externalProcess-rt.jar
Launcher Type: SUN_STANDARD

[Global flags]
     intx CICompilerCount                          = 3                                         {product} {ergonomic}
     uint ConcGCThreads                            = 1                                         {product} {ergonomic}
     uint G1ConcRefinementThreads                  = 4                                         {product} {ergonomic}
   size_t G1HeapRegionSize                         = 2097152                                   {product} {ergonomic}
    uintx GCDrainStackTargetSize                   = 64                                        {product} {ergonomic}
   size_t InitialHeapSize                          = 199229440                                 {product} {ergonomic}
   size_t MarkStackSize                            = 4194304                                   {product} {ergonomic}
   size_t MaxHeapSize                              = 3181379584                                {product} {ergonomic}
   size_t MaxNewSize                               = 1908408320                                {product} {ergonomic}
   size_t MinHeapDeltaBytes                        = 2097152                                   {product} {ergonomic}
   size_t MinHeapSize                              = 8388608                                   {product} {ergonomic}
    uintx NonNMethodCodeHeapSize                   = 5832780                                {pd product} {ergonomic}
    uintx NonProfiledCodeHeapSize                  = 122912730                              {pd product} {ergonomic}
    uintx ProfiledCodeHeapSize                     = 122912730                              {pd product} {ergonomic}
    uintx ReservedCodeCacheSize                    = 251658240                              {pd product} {ergonomic}
     bool SegmentedCodeCache                       = true                                      {product} {ergonomic}
   size_t SoftMaxHeapSize                          = 3181379584                             {manageable} {ergonomic}
     bool UseCompressedOops                        = true                           {product lp64_product} {ergonomic}
     bool UseG1GC                                  = true                                      {product} {ergonomic}
     bool UseLargePagesIndividualAllocation        = false                                  {pd product} {ergonomic}

Logging:
Log output configuration:
 #0: stdout all=warning uptime,level,tags foldmultilines=false
 #1: stderr all=off uptime,level,tags foldmultilines=false

Environment Variables:
PATH=C:/Program Files/Git/mingw64/libexec/git-core;C:/Program Files/Git/mingw64/libexec/git-core;C:\Program Files\Git\mingw64\bin;C:\Program Files\Git\usr\bin;C:\Users\Deon\bin;C:\Program Files\Common Files\Oracle\Java\javapath;C:\Windows\system32;C:\Windows;C:\Windows\System32\Wbem;C:\Windows\System32\WindowsPowerShell\v1.0\;C:\Windows\System32\OpenSSH\;C:\Program Files\nodejs\;C:\ProgramData\chocolatey\bin;C:\Program Files\Git\cmd;C:\Program Files\Java\jdk-24\bin;C:\Program Files\Amazon\AWSCLIV2\;C:\Users\Deon\AppData\Roaming\Microsoft\Windows\Start Menu\Programs\Python 3.13;C:\Users\Deon\AppData\Local\Programs\Python\Python313\Scripts\;C:\Users\Deon\AppData\Local\Programs\Python\Python313\;C:\Users\Deon\AppData\Local\Microsoft\WindowsApps;C:\Users\Deon\AppData\Local\Programs\Microsoft VS Code\bin;C:\Users\Deon\AppData\Roaming\npm
USERNAME=Deon
DISPLAY=:0.0
LC_ALL=en_US.UTF-8
TERM=xterm-256color
TMPDIR=C:\Users\Deon\AppData\Local\Temp
OS=Windows_NT
PROCESSOR_IDENTIFIER=Intel64 Family 6 Model 78 Stepping 3, GenuineIntel
TMP=C:\Users\Deon\AppData\Local\Temp
TEMP=C:\Users\Deon\AppData\Local\Temp




Periodic native trim disabled

JNI global refs:
JNI global refs: 19, weak refs: 0

JNI global refs memory usage: 835, weak refs: 201

Process memory usage:
Resident Set Size: 86000K (0% of 12422192K total physical memory with 701776K free physical memory)

OOME stack traces (most recent first):
Classloader memory used:
Loader bootstrap                                                                       : 15286K
Loader jdk.internal.loader.ClassLoaders$PlatformClassLoader                            : 1900K
Loader jdk.internal.loader.ClassLoaders$AppClassLoader                                 : 20416B

---------------  S Y S T E M  ---------------

OS:
 Windows 10 , 64 bit Build 19041 (10.0.19041.5678)
OS uptime: 0 days 6:35 hours

CPU: total 4 (initial active 4) (2 cores per cpu, 2 threads per core) family 6 model 78 stepping 3 microcode 0xf0, cx8, cmov, fxsr, ht, mmx, 3dnowpref, sse, sse2, sse3, ssse3, sse4.1, sse4.2, popcnt, lzcnt, tsc, tscinvbit, avx, avx2, aes, erms, clmul, bmi1, bmi2, rtm, adx, fma, vzeroupper, clflush, clflushopt, rdtscp, f16c
Processor Information for all 4 processors :
  Max Mhz: 2496, Current Mhz: 2396, Mhz Limit: 2396

Memory: 4k page, system-wide physical 12131M (685M free)
TotalPageFile size 15868M (AvailPageFile size 7M)
current process WorkingSet (physical memory assigned to process): 84M, peak: 84M
current process commit charge ("private bytes"): 290M, peak: 292M

vm_info: OpenJDK 64-Bit Server VM (21.0.5+-13047016-b750.29) for windows-amd64 JRE (21.0.5+-13047016-b750.29), built on 2025-02-11T21:12:39Z by "builder" with MS VC++ 16.10 / 16.11 (VS2019)

END.
